09:04:49.078 Running build in Washington, D.C., USA (East) â€“ iad1
09:04:49.078 Build machine configuration: 4 cores, 8 GB
09:04:49.176 Cloning github.com/beartec-jpg/Crypto (Branch: main, Commit: 50aa93c)
09:04:49.177 Previous build caches not available.
09:04:55.710 Cloning completed: 6.534s
09:04:56.151 Running "vercel build"
09:04:56.520 Vercel CLI 48.12.0
09:04:57.305 Running "install" command: `npm install --include=dev`...
09:05:00.796 npm warn deprecated @esbuild-kit/esm-loader@2.6.5: Merged into tsx: https://tsx.is
09:05:00.850 npm warn deprecated @esbuild-kit/core-utils@3.3.2: Merged into tsx: https://tsx.is
09:05:01.332 npm warn deprecated node-domexception@1.0.0: Use your platform's native DOMException instead
09:05:05.910 
09:05:05.910 added 482 packages, and audited 483 packages in 8s
09:05:05.910 
09:05:05.910 56 packages are looking for funding
09:05:05.910   run `npm fund` for details
09:05:05.942 
09:05:05.942 8 vulnerabilities (6 moderate, 2 high)
09:05:05.942 
09:05:05.942 To address all issues (including breaking changes), run:
09:05:05.942   npm audit fix --force
09:05:05.942 
09:05:05.942 Run `npm audit` for details.
09:05:06.197 
09:05:06.197 > bear-tec-crypto-platform@1.0.0 build
09:05:06.197 > tsc && vite build
09:05:06.197 
09:05:25.251 client/src/components/LiquidationChart.tsx(54,44): error TS6133: 'currentPrice' is declared but its value is never read.
09:05:25.252 client/src/components/LiquidationHeatmapChart.tsx(4,34): error TS6133: 'Activity' is declared but its value is never read.
09:05:25.252 client/src/components/LiquidationHeatmapChart.tsx(28,25): error TS6133: 'setSpikeDetected' is declared but its value is never read.
09:05:25.252 client/src/components/LiquidationHeatmapChart.tsx(29,21): error TS6133: 'setSpikeInfo' is declared but its value is never read.
09:05:25.252 client/src/components/LogoUploader.tsx(8,35): error TS6133: 'AlertCircle' is declared but its value is never read.
09:05:25.252 client/src/components/MeterConfigurationForm.tsx(1,1): error TS6133: 'useState' is declared but its value is never read.
09:05:25.252 client/src/components/PipeConfigurationForm.tsx(49,9): error TS6133: 'getInternalDiameter' is declared but its value is never read.
09:05:25.252 client/src/components/PipeConfigurationForm.tsx(55,9): error TS6133: 'calculateVolume' is declared but its value is never read.
09:05:25.253 client/src/components/PipeConfigurationForm.tsx(92,60): error TS7006: Parameter 'value' implicitly has an 'any' type.
09:05:25.253 client/src/components/ProfessionalOrderflowTable.tsx(42,23): error TS2339: Property 'error' does not exist on type '{}'.
09:05:25.253 client/src/components/ProfessionalOrderflowTable.tsx(43,79): error TS2339: Property 'error' does not exist on type '{}'.
09:05:25.253 client/src/components/ProfessionalOrderflowTable.tsx(82,30): error TS2339: Property 'cvd' does not exist on type '{}'.
09:05:25.253 client/src/components/ProfessionalOrderflowTable.tsx(86,29): error TS2339: Property 'openInterest' does not exist on type '{}'.
09:05:25.253 client/src/components/ProfessionalOrderflowTable.tsx(90,34): error TS2339: Property 'fundingRate' does not exist on type '{}'.
09:05:25.253 client/src/components/ProfessionalOrderflowTable.tsx(103,33): error TS2339: Property 'longShortRatio' does not exist on type '{}'.
09:05:25.253 client/src/components/ProfessionalOrderflowTable.tsx(225,7): error TS2322: Type 'number | null' is not assignable to type 'number'.
09:05:25.253   Type 'null' is not assignable to type 'number'.
09:05:25.254 client/src/components/ProfessionalOrderflowTable.tsx(286,11): error TS2322: Type 'unknown' is not assignable to type 'ReactNode'.
09:05:25.254 client/src/components/ProfessionalOrderflowTable.tsx(291,34): error TS2339: Property 'cvd' does not exist on type '{}'.
09:05:25.254 client/src/components/ProfessionalOrderflowTable.tsx(292,33): error TS2339: Property 'openInterest' does not exist on type '{}'.
09:05:25.254 client/src/components/ProfessionalOrderflowTable.tsx(293,38): error TS2339: Property 'fundingRate' does not exist on type '{}'.
09:05:25.254 client/src/components/ProfessionalOrderflowTable.tsx(294,42): error TS2339: Property 'cvd' does not exist on type '{}'.
09:05:25.254 client/src/components/ProfessionalOrderflowTable.tsx(295,41): error TS2339: Property 'openInterest' does not exist on type '{}'.
09:05:25.254 client/src/components/ProfessionalOrderflowTable.tsx(296,46): error TS2339: Property 'fundingRate' does not exist on type '{}'.
09:05:25.254 client/src/components/PurgeParametersForm.tsx(2,1): error TS6133: 'Input' is declared but its value is never read.
09:05:25.256 client/src/components/ResultsPanel.tsx(1,20): error TS6133: 'useEffect' is declared but its value is never read.
09:05:25.256 client/src/components/ResultsPanel.tsx(6,51): error TS6133: 'CheckCircle' is declared but its value is never read.
09:05:25.256 client/src/components/ResultsPanel.tsx(6,64): error TS6133: 'XCircle' is declared but its value is never read.
09:05:25.256 client/src/components/ResultsPanel.tsx(6,73): error TS6133: 'Clock' is declared but its value is never read.
09:05:25.256 client/src/components/ResultsPanel.tsx(31,20): error TS2339: Property 'subscriptionTier' does not exist on type '{ id: string; email: string; firstName: string; lastName: string; tier: string; subscriptionStatus: string; }'.
09:05:25.256 client/src/components/ResultsPanel.tsx(54,10): error TS6133: 'error' is declared but its value is never read.
09:05:25.256 client/src/components/ResultsPanel.tsx(98,15): error TS2339: Property 'subscriptionTier' does not exist on type '{ id: string; email: string; firstName: string; lastName: string; tier: string; subscriptionStatus: string; }'.
09:05:25.256 client/src/components/ResultsPanel.tsx(98,52): error TS2339: Property 'subscriptionTier' does not exist on type '{ id: string; email: string; firstName: string; lastName: string; tier: string; subscriptionStatus: string; }'.
09:05:25.256 client/src/components/ResultsPanel.tsx(118,13): error TS2304: Cannot find name 'generatePDF'.
09:05:25.256 client/src/components/ResultsPanel.tsx(118,53): error TS2339: Property 'subscriptionTier' does not exist on type '{ id: string; email: string; firstName: string; lastName: string; tier: string; subscriptionStatus: string; }'.
09:05:25.256 client/src/components/ResultsPanel.tsx(288,20): error TS2339: Property 'subscriptionTier' does not exist on type '{ id: string; email: string; firstName: string; lastName: string; tier: string; subscriptionStatus: string; }'.
09:05:25.257 client/src/components/ResultsPanel.tsx(322,15): error TS2339: Property 'subscriptionTier' does not exist on type '{ id: string; email: string; firstName: string; lastName: string; tier: string; subscriptionStatus: string; }'.
09:05:25.257 client/src/components/ResultsPanel.tsx(322,52): error TS2339: Property 'subscriptionTier' does not exist on type '{ id: string; email: string; firstName: string; lastName: string; tier: string; subscriptionStatus: string; }'.
09:05:25.257 client/src/components/ResultsPanel.tsx(342,13): error TS2304: Cannot find name 'generatePDF'.
09:05:25.257 client/src/components/ResultsPanel.tsx(342,53): error TS2339: Property 'subscriptionTier' does not exist on type '{ id: string; email: string; firstName: string; lastName: string; tier: string; subscriptionStatus: string; }'.
09:05:25.257 client/src/components/ResultsPanel.tsx(370,10): error TS6133: 'error' is declared but its value is never read.
09:05:25.257 client/src/components/ResultsPanel.tsx(536,20): error TS2339: Property 'subscriptionTier' does not exist on type '{ id: string; email: string; firstName: string; lastName: string; tier: string; subscriptionStatus: string; }'.
09:05:25.257 client/src/components/ResultsPanel.tsx(574,15): error TS2339: Property 'subscriptionTier' does not exist on type '{ id: string; email: string; firstName: string; lastName: string; tier: string; subscriptionStatus: string; }'.
09:05:25.257 client/src/components/ResultsPanel.tsx(574,52): error TS2339: Property 'subscriptionTier' does not exist on type '{ id: string; email: string; firstName: string; lastName: string; tier: string; subscriptionStatus: string; }'.
09:05:25.257 client/src/components/ResultsPanel.tsx(595,13): error TS2304: Cannot find name 'generatePDF'.
09:05:25.257 client/src/components/ResultsPanel.tsx(595,53): error TS2339: Property 'subscriptionTier' does not exist on type '{ id: string; email: string; firstName: string; lastName: string; tier: string; subscriptionStatus: string; }'.
09:05:25.257 client/src/components/ResultsPanel.tsx(623,10): error TS6133: 'error' is declared but its value is never read.
09:05:25.257 client/src/components/UserHeader.tsx(3,1): error TS6133: 'Card' is declared but its value is never read.
09:05:25.257 client/src/components/UserHeader.tsx(9,11): error TS6133: 'user' is declared but its value is never read.
09:05:25.257 client/src/components/ui/accordion.tsx(2,37): error TS2307: Cannot find module '@radix-ui/react-accordion' or its corresponding type declarations.
09:05:25.257 client/src/components/ui/alert-dialog.tsx(2,39): error TS2307: Cannot find module '@radix-ui/react-alert-dialog' or its corresponding type declarations.
09:05:25.257 client/src/components/ui/aspect-ratio.tsx(1,39): error TS2307: Cannot find module '@radix-ui/react-aspect-ratio' or its corresponding type declarations.
09:05:25.258 client/src/components/ui/avatar.tsx(4,34): error TS2307: Cannot find module '@radix-ui/react-avatar' or its corresponding type declarations.
09:05:25.258 client/src/components/ui/calendar.tsx(3,27): error TS2307: Cannot find module 'react-day-picker' or its corresponding type declarations.
09:05:25.258 client/src/components/ui/calendar.tsx(55,22): error TS7031: Binding element 'className' implicitly has an 'any' type.
09:05:25.258 client/src/components/ui/calendar.tsx(58,23): error TS7031: Binding element 'className' implicitly has an 'any' type.
09:05:25.258 client/src/components/ui/carousel.tsx(4,8): error TS2307: Cannot find module 'embla-carousel-react' or its corresponding type declarations.
09:05:25.258 client/src/components/ui/chart.tsx(4,36): error TS2307: Cannot find module 'recharts' or its corresponding type declarations.
09:05:25.258 client/src/components/ui/chart.tsx(188,25): error TS7006: Parameter 'item' implicitly has an 'any' type.
09:05:25.258 client/src/components/ui/chart.tsx(188,31): error TS7006: Parameter 'index' implicitly has an 'any' type.
09:05:25.258 client/src/components/ui/chart.tsx(288,23): error TS7006: Parameter 'item' implicitly has an 'any' type.
09:05:25.258 client/src/components/ui/collapsible.tsx(3,39): error TS2307: Cannot find module '@radix-ui/react-collapsible' or its corresponding type declarations.
09:05:25.258 client/src/components/ui/command.tsx(3,45): error TS2307: Cannot find module 'cmdk' or its corresponding type declarations.
09:05:25.258 client/src/components/ui/context-menu.tsx(2,39): error TS2307: Cannot find module '@radix-ui/react-context-menu' or its corresponding type declarations.
09:05:25.258 client/src/components/ui/drawer.tsx(4,43): error TS2307: Cannot find module 'vaul' or its corresponding type declarations.
09:05:25.258 client/src/components/ui/hover-card.tsx(4,37): error TS2307: Cannot find module '@radix-ui/react-hover-card' or its corresponding type declarations.
09:05:25.258 client/src/components/ui/input-otp.tsx(2,43): error TS2307: Cannot find module 'input-otp' or its corresponding type declarations.
09:05:25.258 client/src/components/ui/input-otp.tsx(36,44): error TS18046: 'inputOTPContext' is of type 'unknown'.
09:05:25.258 client/src/components/ui/menubar.tsx(4,35): error TS2307: Cannot find module '@radix-ui/react-menubar' or its corresponding type declarations.
09:05:25.258 client/src/components/ui/navigation-menu.tsx(2,42): error TS2307: Cannot find module '@radix-ui/react-navigation-menu' or its corresponding type declarations.
09:05:25.258 client/src/components/ui/progress.tsx(4,36): error TS2307: Cannot find module '@radix-ui/react-progress' or its corresponding type declarations.
09:05:25.258 client/src/components/ui/radio-group.tsx(2,38): error TS2307: Cannot find module '@radix-ui/react-radio-group' or its corresponding type declarations.
09:05:25.259 client/src/components/ui/resizable.tsx(4,37): error TS2307: Cannot find module 'react-resizable-panels' or its corresponding type declarations.
09:05:25.259 client/src/components/ui/toggle-group.tsx(4,39): error TS2307: Cannot find module '@radix-ui/react-toggle-group' or its corresponding type declarations.
09:05:25.259 client/src/components/ui/toggle.tsx(2,34): error TS2307: Cannot find module '@radix-ui/react-toggle' or its corresponding type declarations.
09:05:25.260 client/src/hooks/useDynamicTheme.ts(53,10): error TS6133: 'secondaryH' is declared but its value is never read.
09:05:25.260 client/src/hooks/useDynamicTheme.ts(53,22): error TS6133: 'secondaryS' is declared but its value is never read.
09:05:25.260 client/src/lib/indicators.ts(390,11): error TS6133: 'prev' is declared but its value is never read.
09:05:25.260 client/src/lib/indicators.ts(637,3): error TS6133: 'kSmooth' is declared but its value is never read.
09:05:25.260 client/src/pages/AccountPage.tsx(5,28): error TS6133: 'Building' is declared but its value is never read.
09:05:25.260 client/src/pages/AccountPage.tsx(10,25): error TS2307: Cannot find module '@assets/Screenshot_20250823-074823_1755931718570.png' or its corresponding type declarations.
09:05:25.260 client/src/pages/AccountPage.tsx(11,27): error TS2307: Cannot find module '@assets/Screenshot_20250823-075417_1755932088384.png' or its corresponding type declarations.
09:05:25.260 client/src/pages/AccountPage.tsx(54,37): error TS6133: 'currentTier' is declared but its value is never read.
09:05:25.260 client/src/pages/CalculatorSelection.tsx(4,21): error TS2307: Cannot find module 'react-icons/si' or its corresponding type declarations.
09:05:25.260 client/src/pages/CalculatorSelection.tsx(10,9): error TS6133: 'user' is declared but its value is never read.
09:05:25.260 client/src/pages/CommercialCalculator.tsx(9,21): error TS2307: Cannot find module 'react-icons/si' or its corresponding type declarations.
09:05:25.260 client/src/pages/CommercialCalculator.tsx(79,7): error TS6133: 'LETBY_DURATION_EXISTING' is declared but its value is never read.
09:05:25.261 client/src/pages/CommercialCalculator.tsx(119,10): error TS6133: 'buildCertificateData' is declared but its value is never read.
09:05:25.261 client/src/pages/CommercialCalculator.tsx(340,27): error TS6133: 'setInstallationAge' is declared but its value is never read.
09:05:25.261 client/src/pages/CommercialCalculator.tsx(672,13): error TS6133: 'grm' is declared but its value is never read.
09:05:25.261 client/src/pages/CommercialCalculator.tsx(673,13): error TS6133: 'f1' is declared but its value is never read.
09:05:25.261 client/src/pages/CommercialCalculator.tsx(764,13): error TS6133: 'calculationData' is declared but its value is never read.
09:05:25.261 client/src/pages/CommercialCalculatorFlow.tsx(7,92): error TS6133: 'Flame' is declared but its value is never read.
09:05:25.261 client/src/pages/CommercialCalculatorFlow.tsx(7,120): error TS6133: 'Clock' is declared but its value is never read.
09:05:25.261 client/src/pages/CommercialCalculatorFlow.tsx(7,168): error TS6133: 'ArrowLeft' is declared but its value is never read.
09:05:25.261 client/src/pages/CommercialCalculatorFlow.tsx(7,179): error TS6133: 'RotateCcw' is declared but its value is never read.
09:05:25.261 client/src/pages/CommercialCalculatorFlow.tsx(8,1): error TS6133: 'UserHeader' is declared but its value is never read.
09:05:25.261 client/src/pages/CommercialCalculatorFlow.tsx(160,9): error TS6133: 'renderPipeConfigSection' is declared but its value is never read.
09:05:25.261 client/src/pages/CommercialCalculatorFlow.tsx(316,9): error TS6133: 'renderTestEquipmentConfig' is declared but its value is never read.
09:05:25.261 client/src/pages/CommercialCalculatorFlow.tsx(433,9): error TS6133: 'clearAllData' is declared but its value is never read.
09:05:25.261 client/src/pages/CommercialCalculatorFlow.tsx(481,10): error TS6133: 'strengthTestDuration' is declared but its value is never read.
09:05:25.261 client/src/pages/CommercialCalculatorFlow.tsx(481,32): error TS6133: 'setStrengthTestDuration' is declared but its value is never read.
09:05:25.261 client/src/pages/CommercialCalculatorFlow.tsx(484,10): error TS6133: 'letByResult' is declared but its value is never read.
09:05:25.261 client/src/pages/CommercialCalculatorFlow.tsx(500,10): error TS6133: 'persistentTestResults' is declared but its value is never read.
09:05:25.261 client/src/pages/CommercialCalculatorFlow.tsx(507,10): error TS6133: 'letByPressureReading' is declared but its value is never read.
09:05:25.262 client/src/pages/CommercialCalculatorFlow.tsx(507,32): error TS6133: 'setLetByPressureReading' is declared but its value is never read.
09:05:25.262 client/src/pages/CommercialCalculatorFlow.tsx(508,10): error TS6133: 'letByTestCompleted' is declared but its value is never read.
09:05:25.262 client/src/pages/CommercialCalculatorFlow.tsx(508,30): error TS6133: 'setLetByTestCompleted' is declared but its value is never read.
09:05:25.262 client/src/pages/CommercialCalculatorFlow.tsx(513,10): error TS6133: 'purgeTimerComplete' is declared but its value is never read.
09:05:25.262 client/src/pages/CommercialCalculatorFlow.tsx(554,30): error TS2552: Cannot find name 'COMMERCIAL_PIPE_VOLUMES'. Did you mean 'COMMERCIAL_METER_VOLUMES'?
09:05:25.262 client/src/pages/CommercialCalculatorFlow.tsx(554,84): error TS2552: Cannot find name 'COMMERCIAL_PIPE_VOLUMES'. Did you mean 'COMMERCIAL_METER_VOLUMES'?
09:05:25.262 client/src/pages/CommercialCalculatorFlow.tsx(567,39): error TS2339: Property 'internal' does not exist on type 'number'.
09:05:25.262 client/src/pages/CommercialCalculatorFlow.tsx(761,9): error TS6133: 'calculatePurgeVolume' is declared but its value is never read.
09:05:25.262 client/src/pages/CommercialCalculatorFlow.tsx(820,9): error TS6133: 'processTightnessTest' is declared but its value is never read.
09:05:25.262 client/src/pages/CommercialCalculatorFlow.tsx(884,9): error TS6133: 'renderJobDetails' is declared but its value is never read.
09:05:25.262 client/src/pages/CommercialCalculatorFlow.tsx(941,9): error TS6133: 'renderInstallationTypeSelection' is declared but its value is never read.
09:05:25.262 client/src/pages/CommercialCalculatorFlow.tsx(973,9): error TS6133: 'renderTestSelection' is declared but its value is never read.
09:05:25.262 client/src/pages/CommercialCalculatorFlow.tsx(1133,9): error TS6133: 'renderStrengthSetup' is declared but its value is never read.
09:05:25.262 client/src/pages/CommercialCalculatorFlow.tsx(1189,9): error TS6133: 'renderStrengthTimer' is declared but its value is never read.
09:05:25.262 client/src/pages/CommercialCalculatorFlow.tsx(1224,9): error TS6133: 'renderStrengthReading' is declared but its value is never read.
09:05:25.262 client/src/pages/CommercialCalculatorFlow.tsx(1263,9): error TS6133: 'renderStrengthResult' is declared but its value is never read.
09:05:25.263 client/src/pages/CommercialCalculatorFlow.tsx(1375,9): error TS6133: 'generateFileName' is declared but its value is never read.
09:05:25.263 client/src/pages/CommercialCalculatorFlow.tsx(1388,13): error TS6133: 'exportData' is declared but its value is never read.
09:05:25.263 client/src/pages/CommercialCalculatorFlow.tsx(1401,32): error TS2552: Cannot find name 'COMMERCIAL_PIPE_VOLUMES'. Did you mean 'COMMERCIAL_METER_VOLUMES'?
09:05:25.263 client/src/pages/CommercialCalculatorFlow.tsx(1401,86): error TS2552: Cannot find name 'COMMERCIAL_PIPE_VOLUMES'. Did you mean 'COMMERCIAL_METER_VOLUMES'?
09:05:25.263 client/src/pages/CommercialCalculatorFlow.tsx(1462,32): error TS2304: Cannot find name 'COMMERCIAL_PIPE_VOLUMES'.
09:05:25.263 client/src/pages/CommercialCalculatorFlow.tsx(1462,86): error TS2304: Cannot find name 'COMMERCIAL_PIPE_VOLUMES'.
09:05:25.263 client/src/pages/CommercialCalculatorFlow.tsx(1561,13): error TS6133: 'exportData' is declared but its value is never read.
09:05:25.263 client/src/pages/CommercialCalculatorFlow.tsx(1607,32): error TS2304: Cannot find name 'COMMERCIAL_PIPE_VOLUMES'.
09:05:25.263 client/src/pages/CommercialCalculatorFlow.tsx(1607,86): error TS2304: Cannot find name 'COMMERCIAL_PIPE_VOLUMES'.
09:05:25.263 client/src/pages/CommercialCalculatorFlow.tsx(1661,9): error TS6133: 'renderTightnessSetup' is declared but its value is never read.
09:05:25.263 client/src/pages/CommercialCalculatorFlow.tsx(1912,9): error TS6133: 'renderTightnessTimer' is declared but its value is never read.
09:05:25.263 client/src/pages/CommercialCalculatorFlow.tsx(1948,9): error TS6133: 'renderTightnessReading' is declared but its value is never read.
09:05:25.263 client/src/pages/CommercialCalculatorFlow.tsx(2071,9): error TS6133: 'renderTightnessResult' is declared but its value is never read.
09:05:25.263 client/src/pages/CommercialCalculatorFlow.tsx(2168,9): error TS6133: 'renderPurgeSelection' is declared but its value is never read.
09:05:25.263 client/src/pages/CommercialCalculatorFlow.tsx(2280,9): error TS6133: 'renderLetByTimer' is declared but its value is never read.
09:05:25.263 client/src/pages/CommercialCalculatorFlow.tsx(2317,9): error TS6133: 'renderLetByReading' is declared but its value is never read.
09:05:25.263 client/src/pages/CommercialCalculatorFlow.tsx(2434,9): error TS6133: 'renderPurgeSetup' is declared but its value is never read.
09:05:25.263 client/src/pages/CommercialCalculatorFlow.tsx(2603,46): error TS2304: Cannot find name 'COMMERCIAL_PIPE_VOLUMES'.
09:05:25.264 client/src/pages/CommercialCalculatorFlow.tsx(2603,100): error TS2304: Cannot find name 'COMMERCIAL_PIPE_VOLUMES'.
09:05:25.264 client/src/pages/CommercialCalculatorFlow.tsx(2900,9): error TS6133: 'renderStrengthSection' is declared but its value is never read.
09:05:25.264 client/src/pages/CommercialCalculatorFlow.tsx(2908,12): error TS2304: Cannot find name 'strengthResult'.
09:05:25.264 client/src/pages/CommercialCalculatorFlow.tsx(2909,31): error TS2304: Cannot find name 'strengthResult'.
09:05:25.264 client/src/pages/CommercialCalculatorFlow.tsx(2910,16): error TS2304: Cannot find name 'strengthResult'.
09:05:25.264 client/src/pages/CommercialCalculatorFlow.tsx(2916,10): error TS2304: Cannot find name 'currentStep'.
09:05:25.264 client/src/pages/CommercialCalculatorFlow.tsx(2916,46): error TS2304: Cannot find name 'renderStrengthSetup'.
09:05:25.264 client/src/pages/CommercialCalculatorFlow.tsx(2917,10): error TS2304: Cannot find name 'currentStep'.
09:05:25.264 client/src/pages/CommercialCalculatorFlow.tsx(2917,46): error TS2304: Cannot find name 'renderStrengthTimer'.
09:05:25.264 client/src/pages/CommercialCalculatorFlow.tsx(2918,10): error TS2304: Cannot find name 'currentStep'.
09:05:25.264 client/src/pages/CommercialCalculatorFlow.tsx(2918,48): error TS2304: Cannot find name 'renderStrengthReading'.
09:05:25.264 client/src/pages/CommercialCalculatorFlow.tsx(2919,10): error TS2304: Cannot find name 'currentStep'.
09:05:25.264 client/src/pages/CommercialCalculatorFlow.tsx(2919,47): error TS2304: Cannot find name 'renderStrengthResult'.
09:05:25.264 client/src/pages/CommercialCalculatorFlow.tsx(2922,10): error TS2304: Cannot find name 'strengthResult'.
09:05:25.264 client/src/pages/CommercialCalculatorFlow.tsx(2922,28): error TS2304: Cannot find name 'currentStep'.
09:05:25.264 client/src/pages/CommercialCalculatorFlow.tsx(2926,22): error TS2304: Cannot find name 'strengthResult'.
09:05:25.264 client/src/pages/CommercialCalculatorFlow.tsx(2928,22): error TS2304: Cannot find name 'strengthResult'.
09:05:25.264 client/src/pages/CommercialCalculatorFlow.tsx(2930,32): error TS2304: Cannot find name 'strengthResult'.
09:05:25.265 client/src/pages/CommercialCalculatorFlow.tsx(2931,18): error TS2304: Cannot find name 'strengthResult'.
09:05:25.265 client/src/pages/CommercialCalculatorFlow.tsx(2934,32): error TS2304: Cannot find name 'strengthResult'.
09:05:25.265 client/src/pages/CommercialCalculatorFlow.tsx(2935,18): error TS2304: Cannot find name 'strengthResult'.
09:05:25.265 client/src/pages/CommercialCalculatorFlow.tsx(2942,32): error TS2304: Cannot find name 'exportSingleResult'.
09:05:25.265 client/src/pages/CommercialCalculatorFlow.tsx(2942,63): error TS2304: Cannot find name 'strengthResult'.
09:05:25.265 client/src/pages/CommercialCalculatorFlow.tsx(2950,16): error TS2304: Cannot find name 'completedTests'.
09:05:25.265 client/src/pages/CommercialCalculatorFlow.tsx(2952,34): error TS2304: Cannot find name 'exportCombinedResults'.
09:05:25.265 client/src/pages/CommercialCalculatorFlow.tsx(2967,9): error TS6133: 'renderTightnessSection' is declared but its value is never read.
09:05:25.265 client/src/pages/CommercialCalculatorFlow.tsx(2975,12): error TS2304: Cannot find name 'tightnessResult'.
09:05:25.265 client/src/pages/CommercialCalculatorFlow.tsx(2976,31): error TS2304: Cannot find name 'tightnessResult'.
09:05:25.265 client/src/pages/CommercialCalculatorFlow.tsx(2977,16): error TS2304: Cannot find name 'tightnessResult'.
09:05:25.265 client/src/pages/CommercialCalculatorFlow.tsx(2983,10): error TS2304: Cannot find name 'currentStep'.
09:05:25.265 client/src/pages/CommercialCalculatorFlow.tsx(2983,47): error TS2304: Cannot find name 'renderTightnessSetup'.
09:05:25.265 client/src/pages/CommercialCalculatorFlow.tsx(2984,10): error TS2304: Cannot find name 'currentStep'.
09:05:25.265 client/src/pages/CommercialCalculatorFlow.tsx(2984,44): error TS2304: Cannot find name 'renderLetByTimer'.
09:05:25.265 client/src/pages/CommercialCalculatorFlow.tsx(2985,10): error TS2304: Cannot find name 'currentStep'.
09:05:25.265 client/src/pages/CommercialCalculatorFlow.tsx(2985,46): error TS2304: Cannot find name 'renderLetByReading'.
09:05:25.265 client/src/pages/CommercialCalculatorFlow.tsx(2986,10): error TS2304: Cannot find name 'currentStep'.
09:05:25.266 client/src/pages/CommercialCalculatorFlow.tsx(2986,47): error TS2304: Cannot find name 'renderTightnessTimer'.
09:05:25.266 client/src/pages/CommercialCalculatorFlow.tsx(2987,10): error TS2304: Cannot find name 'currentStep'.
09:05:25.266 client/src/pages/CommercialCalculatorFlow.tsx(2987,49): error TS2304: Cannot find name 'renderTightnessReading'.
09:05:25.266 client/src/pages/CommercialCalculatorFlow.tsx(2988,10): error TS2304: Cannot find name 'currentStep'.
09:05:25.266 client/src/pages/CommercialCalculatorFlow.tsx(2988,48): error TS2304: Cannot find name 'renderTightnessResult'.
09:05:25.266 client/src/pages/CommercialCalculatorFlow.tsx(2991,10): error TS2304: Cannot find name 'tightnessResult'.
09:05:25.266 client/src/pages/CommercialCalculatorFlow.tsx(2991,29): error TS2304: Cannot find name 'currentStep'.
09:05:25.266 client/src/pages/CommercialCalculatorFlow.tsx(2995,22): error TS2304: Cannot find name 'tightnessResult'.
09:05:25.266 client/src/pages/CommercialCalculatorFlow.tsx(2997,22): error TS2304: Cannot find name 'tightnessResult'.
09:05:25.266 client/src/pages/CommercialCalculatorFlow.tsx(2999,22): error TS2304: Cannot find name 'tightnessResult'.
09:05:25.266 client/src/pages/CommercialCalculatorFlow.tsx(3001,32): error TS2304: Cannot find name 'tightnessResult'.
09:05:25.266 client/src/pages/CommercialCalculatorFlow.tsx(3002,18): error TS2304: Cannot find name 'tightnessResult'.
09:05:25.268 client/src/pages/CommercialCalculatorFlow.tsx(3005,32): error TS2304: Cannot find name 'tightnessResult'.
09:05:25.268 client/src/pages/CommercialCalculatorFlow.tsx(3006,18): error TS2304: Cannot find name 'tightnessResult'.
09:05:25.268 client/src/pages/CommercialCalculatorFlow.tsx(3010,14): error TS2304: Cannot find name 'letByResult'.
09:05:25.268 client/src/pages/CommercialCalculatorFlow.tsx(3015,36): error TS2304: Cannot find name 'letByResult'.
09:05:25.268 client/src/pages/CommercialCalculatorFlow.tsx(3016,22): error TS2304: Cannot find name 'letByResult'.
09:05:25.268 client/src/pages/CommercialCalculatorFlow.tsx(3019,26): error TS2304: Cannot find name 'letByResult'.
09:05:25.268 client/src/pages/CommercialCalculatorFlow.tsx(3021,36): error TS2304: Cannot find name 'letByResult'.
09:05:25.268 client/src/pages/CommercialCalculatorFlow.tsx(3022,22): error TS2304: Cannot find name 'letByResult'.
09:05:25.268 client/src/pages/CommercialCalculatorFlow.tsx(3031,32): error TS2304: Cannot find name 'exportSingleResult'.
09:05:25.268 client/src/pages/CommercialCalculatorFlow.tsx(3031,64): error TS2304: Cannot find name 'tightnessResult'.
09:05:25.268 client/src/pages/CommercialCalculatorFlow.tsx(3039,16): error TS2304: Cannot find name 'completedTests'.
09:05:25.268 client/src/pages/CommercialCalculatorFlow.tsx(3041,34): error TS2304: Cannot find name 'exportCombinedResults'.
09:05:25.268 client/src/pages/CommercialCalculatorFlow.tsx(3057,10): error TS2304: Cannot find name 'ivBreakdown'.
09:05:25.268 client/src/pages/CommercialCalculatorFlow.tsx(3058,25): error TS2304: Cannot find name 'ivBreakdown'.
09:05:25.268 client/src/pages/CommercialCalculatorFlow.tsx(3074,57): error TS2304: Cannot find name 'ivBreakdown'.
09:05:25.268 client/src/pages/CommercialCalculatorFlow.tsx(3101,17): error TS2304: Cannot find name 'setPipes'.
09:05:25.268 client/src/pages/CommercialCalculatorFlow.tsx(3102,17): error TS2304: Cannot find name 'toast'.
09:05:25.268 client/src/pages/CompanySettings.tsx(16,34): error TS6133: 'getColorSuggestions' is declared but its value is never read.
09:05:25.268 client/src/pages/CompanySettings.tsx(20,25): error TS2307: Cannot find module '@assets/Screenshot_20250823-074823_1755931718570.png' or its corresponding type declarations.
09:05:25.268 client/src/pages/CompanySettings.tsx(21,27): error TS2307: Cannot find module '@assets/Screenshot_20250823-075417_1755932088384.png' or its corresponding type declarations.
09:05:25.268 client/src/pages/CompanySettings.tsx(40,11): error TS6133: 'user' is declared but its value is never read.
09:05:25.269 client/src/pages/CompanySettings.tsx(43,10): error TS6133: 'headerLogoFile' is declared but its value is never read.
09:05:25.269 client/src/pages/CompanySettings.tsx(43,26): error TS6133: 'setHeaderLogoFile' is declared but its value is never read.
09:05:25.269 client/src/pages/ConsultancyServices.tsx(1,29): error TS6133: 'CardDescription' is declared but its value is never read.
09:05:25.269 client/src/pages/ConsultancyServices.tsx(3,59): error TS6133: 'Phone' is declared but its value is never read.
09:05:25.269 client/src/pages/ConsultancyServices.tsx(4,21): error TS2307: Cannot find module 'react-icons/si' or its corresponding type declarations.
09:05:25.269 client/src/pages/ConsultancyServices.tsx(6,25): error TS2307: Cannot find module '@assets/Screenshot_20250823-074823_1755931718570.png' or its corresponding type declarations.
09:05:25.269 client/src/pages/ConsultancyServices.tsx(7,27): error TS2307: Cannot find module '@assets/Screenshot_20250823-075417_1755932088384.png' or its corresponding type declarations.
09:05:25.269 client/src/pages/CryptoAI.tsx(4,74): error TS6133: 'HistogramData' is declared but its value is never read.
09:05:25.269 client/src/pages/CryptoAI.tsx(4,89): error TS6133: 'LineData' is declared but its value is never read.
09:05:25.269 client/src/pages/CryptoAI.tsx(10,1): error TS6133: 'Label' is declared but its value is never read.
09:05:25.269 client/src/pages/CryptoAI.tsx(11,1): error TS6133: 'Switch' is declared but its value is never read.
09:05:25.269 client/src/pages/CryptoAI.tsx(20,38): error TS6133: 'ADXValue' is declared but its value is never read.
09:05:25.269 client/src/pages/CryptoAI.tsx(21,22): error TS2307: Cannot find module '@assets/Grok_Full_Logomark_Light_1763287603908.png' or its corresponding type declarations.
09:05:25.269 client/src/pages/CryptoAI.tsx(22,28): error TS2307: Cannot find module '@assets/beartec logo_1763645889028.png' or its corresponding type declarations.
09:05:25.269 client/src/pages/CryptoAI.tsx(182,21): error TS6133: 'setRsiPeriod' is declared but its value is never read.
09:05:25.269 client/src/pages/CryptoAI.tsx(183,20): error TS6133: 'setMacdFast' is declared but its value is never read.
09:05:25.269 client/src/pages/CryptoAI.tsx(184,20): error TS6133: 'setMacdSlow' is declared but its value is never read.
09:05:25.269 client/src/pages/CryptoAI.tsx(185,22): error TS6133: 'setMacdSignal' is declared but its value is never read.
09:05:25.269 client/src/pages/CryptoAI.tsx(186,21): error TS6133: 'setMfiPeriod' is declared but its value is never read.
09:05:25.269 client/src/pages/CryptoAI.tsx(187,21): error TS6133: 'setCciPeriod' is declared but its value is never read.
09:05:25.269 client/src/pages/CryptoAI.tsx(188,21): error TS6133: 'setAdxPeriod' is declared but its value is never read.
09:05:25.269 client/src/pages/CryptoAI.tsx(309,13): error TS6133: 'currBody' is declared but its value is never read.
09:05:25.269 client/src/pages/CryptoAI.tsx(774,46): error TS2339: Property 'env' does not exist on type 'ImportMeta'.
09:05:25.269 client/src/pages/CryptoAI.tsx(1052,13): error TS6133: 'tracked' is declared but its value is never read.
09:05:25.269 client/src/pages/CryptoAI.tsx(1402,18): error TS2345: Argument of type '{ time: number; value: number; }[]' is not assignable to parameter of type '(WhitespaceData<Time> | LineData<Time>)[]'.
09:05:25.269   Type '{ time: number; value: number; }' is not assignable to type 'WhitespaceData<Time> | LineData<Time>'.
09:05:25.269     Type '{ time: number; value: number; }' is not assignable to type 'LineData<Time>'.
09:05:25.269       Types of property 'time' are incompatible.
09:05:25.269         Type 'number' is not assignable to type 'Time'.
09:05:25.269 client/src/pages/CryptoAI.tsx(1439,77): error TS2345: Argument of type '{ time: number; value: number; }[]' is not assignable to parameter of type '(WhitespaceData<Time> | LineData<Time>)[]'.
09:05:25.270   Type '{ time: number; value: number; }' is not assignable to type 'WhitespaceData<Time> | LineData<Time>'.
09:05:25.270     Type '{ time: number; value: number; }' is not assignable to type 'LineData<Time>'.
09:05:25.270       Types of property 'time' are incompatible.
09:05:25.270         Type 'number' is not assignable to type 'Time'.
09:05:25.270 client/src/pages/CryptoAI.tsx(1440,77): error TS2345: Argument of type '{ time: number; value: number; }[]' is not assignable to parameter of type '(WhitespaceData<Time> | LineData<Time>)[]'.
09:05:25.270   Type '{ time: number; value: number; }' is not assignable to type 'WhitespaceData<Time> | LineData<Time>'.
09:05:25.270     Type '{ time: number; value: number; }' is not assignable to type 'LineData<Time>'.
09:05:25.270       Types of property 'time' are incompatible.
09:05:25.270         Type 'number' is not assignable to type 'Time'.
09:05:25.270 client/src/pages/CryptoAI.tsx(1441,68): error TS2345: Argument of type '{ time: number; value: number; color: string; }[]' is not assignable to parameter of type '(WhitespaceData<Time> | HistogramData<Time>)[]'.
09:05:25.270   Type '{ time: number; value: number; color: string; }' is not assignable to type 'WhitespaceData<Time> | HistogramData<Time>'.
09:05:25.270     Type '{ time: number; value: number; color: string; }' is not assignable to type 'HistogramData<Time>'.
09:05:25.270       Types of property 'time' are incompatible.
09:05:25.270         Type 'number' is not assignable to type 'Time'.
09:05:25.270 client/src/pages/CryptoAI.tsx(1470,77): error TS2345: Argument of type '{ time: number; value: number; }[]' is not assignable to parameter of type '(WhitespaceData<Time> | LineData<Time>)[]'.
09:05:25.270   Type '{ time: number; value: number; }' is not assignable to type 'WhitespaceData<Time> | LineData<Time>'.
09:05:25.270     Type '{ time: number; value: number; }' is not assignable to type 'LineData<Time>'.
09:05:25.270       Types of property 'time' are incompatible.
09:05:25.270         Type 'number' is not assignable to type 'Time'.
09:05:25.270 client/src/pages/CryptoAI.tsx(1500,18): error TS2345: Argument of type '{ time: number; value: number; }[]' is not assignable to parameter of type '(WhitespaceData<Time> | LineData<Time>)[]'.
09:05:25.270   Type '{ time: number; value: number; }' is not assignable to type 'WhitespaceData<Time> | LineData<Time>'.
09:05:25.270     Type '{ time: number; value: number; }' is not assignable to type 'LineData<Time>'.
09:05:25.270       Types of property 'time' are incompatible.
09:05:25.270         Type 'number' is not assignable to type 'Time'.
09:05:25.270 client/src/pages/CryptoAI.tsx(1536,18): error TS2345: Argument of type '{ time: number; value: number; }[]' is not assignable to parameter of type '(WhitespaceData<Time> | LineData<Time>)[]'.
09:05:25.270   Type '{ time: number; value: number; }' is not assignable to type 'WhitespaceData<Time> | LineData<Time>'.
09:05:25.270     Type '{ time: number; value: number; }' is not assignable to type 'LineData<Time>'.
09:05:25.270       Types of property 'time' are incompatible.
09:05:25.270         Type 'number' is not assignable to type 'Time'.
09:05:25.270 client/src/pages/CryptoElliottWave.tsx(1,39): error TS6133: 'useCallback' is declared but its value is never read.
09:05:25.270 client/src/pages/CryptoElliottWave.tsx(8,1): error TS6133: 'Switch' is declared but its value is never read.
09:05:25.270 client/src/pages/CryptoElliottWave.tsx(14,22): error TS6133: 'queryClient' is declared but its value is never read.
09:05:25.270 client/src/pages/CryptoElliottWave.tsx(18,28): error TS2307: Cannot find module '@assets/beartec logo_1763645889028.png' or its corresponding type declarations.
09:05:25.271 client/src/pages/CryptoElliottWave.tsx(134,11): error TS6133: 'user' is declared but its value is never read.
09:05:25.271 client/src/pages/CryptoElliottWave.tsx(147,9): error TS6133: 'futurePointsSeriesRef' is declared but its value is never read.
09:05:25.271 client/src/pages/CryptoElliottWave.tsx(179,10): error TS6133: 'futurePointOverlays' is declared but its value is never read.
09:05:25.271 client/src/pages/CryptoElliottWave.tsx(179,31): error TS6133: 'setFuturePointOverlays' is declared but its value is never read.
09:05:25.271 client/src/pages/CryptoElliottWave.tsx(347,9): error TS6133: 'autoAnalyze' is declared but its value is never read.
09:05:25.271 client/src/pages/CryptoElliottWave.tsx(1352,13): error TS6133: 'degree' is declared but its value is never read.
09:05:25.271 client/src/pages/CryptoElliottWave.tsx(1879,15): error TS6133: 'isUptrend' is declared but its value is never read.
09:05:25.271 client/src/pages/CryptoElliottWave.tsx(1957,39): error TS6133: 'index' is declared but its value is never read.
09:05:25.271 client/src/pages/CryptoElliottWave.tsx(2727,9): error TS6133: 'captureChartScreenshot' is declared but its value is never read.
09:05:25.271 client/src/pages/CryptoElliottWave.tsx(2869,13): error TS6133: 'largeTimeframes' is declared but its value is never read.
09:05:25.271 client/src/pages/CryptoIndicators.tsx(9,46): error TS6133: 'DollarSign' is declared but its value is never read.
09:05:25.271 client/src/pages/CryptoIndicators.tsx(9,73): error TS6133: 'ChevronDown' is declared but its value is never read.
09:05:25.271 client/src/pages/CryptoIndicators.tsx(9,86): error TS6133: 'ChevronUp' is declared but its value is never read.
09:05:25.271 client/src/pages/CryptoIndicators.tsx(12,22): error TS6133: 'queryClient' is declared but its value is never read.
09:05:25.271 client/src/pages/CryptoIndicators.tsx(15,1): error TS6133: 'bearTecLogo' is declared but its value is never read.
09:05:25.271 client/src/pages/CryptoIndicators.tsx(15,25): error TS2307: Cannot find module '@assets/1_20251120_023939_0000_1763606422703.png' or its corresponding type declarations.
09:05:25.271 client/src/pages/CryptoIndicators.tsx(16,28): error TS2307: Cannot find module '@assets/beartec logo_1763645889028.png' or its corresponding type declarations.
09:05:25.271 client/src/pages/CryptoIndicators.tsx(17,22): error TS2307: Cannot find module '@assets/Grok_Full_Logomark_Light_1763287603908.png' or its corresponding type declarations.
09:05:25.271 client/src/pages/CryptoIndicators.tsx(18,1): error TS6133: 'aiAnalysisLogo' is declared but its value is never read.
09:05:25.271 client/src/pages/CryptoIndicators.tsx(18,28): error TS2307: Cannot find module '@assets/20251119_202707_0000_1763584050669.png' or its corresponding type declarations.
09:05:25.271 client/src/pages/CryptoIndicators.tsx(19,23): error TS2307: Cannot find module '@assets/grok_video_2025-11-20-03-05-08_1763607929480.mp4' or its corresponding type declarations.
09:05:25.271 client/src/pages/CryptoIndicators.tsx(20,29): error TS2307: Cannot find module '@assets/grok_video_2025-11-20-06-10-37_1763619824022.mp4' or its corresponding type declarations.
09:05:25.271 client/src/pages/CryptoIndicators.tsx(21,23): error TS2307: Cannot find module '@assets/grok_video_2025-11-20-06-16-11_1763619952816.mp4' or its corresponding type declarations.
09:05:25.271 client/src/pages/CryptoIndicators.tsx(22,27): error TS2307: Cannot find module '@assets/grok_video_2025-11-20-02-22-16_1763605488674.mp4' or its corresponding type declarations.
09:05:25.271 client/src/pages/CryptoIndicators.tsx(34,3): error TS6133: 'calculateMFI' is declared but its value is never read.
09:05:25.271 client/src/pages/CryptoIndicators.tsx(38,3): error TS6133: 'SupertrendValue' is declared but its value is never read.
09:05:25.271 client/src/pages/CryptoIndicators.tsx(39,3): error TS6133: 'BandValue' is declared but its value is never read.
09:05:25.271 client/src/pages/CryptoIndicators.tsx(40,3): error TS6133: 'IndicatorValue' is declared but its value is never read.
09:05:25.271 client/src/pages/CryptoIndicators.tsx(226,11): error TS6196: 'AutoBacktestTestParams' is declared but never used.
09:05:25.271 client/src/pages/CryptoIndicators.tsx(291,9): error TS6133: 'handleAIMarketReview' is declared but its value is never read.
09:05:25.272 client/src/pages/CryptoIndicators.tsx(303,27): error TS6133: 'setShowVWAPSession' is declared but its value is never read.
09:05:25.272 client/src/pages/CryptoIndicators.tsx(356,9): error TS6133: 'bbRef' is declared but its value is never read.
09:05:25.272 client/src/pages/CryptoIndicators.tsx(365,38): error TS2749: 'LineSeries' refers to a value, but is being used as a type here. Did you mean 'typeof LineSeries'?
09:05:25.272 client/src/pages/CryptoIndicators.tsx(366,36): error TS2749: 'LineSeries' refers to a value, but is being used as a type here. Did you mean 'typeof LineSeries'?
09:05:25.272 client/src/pages/CryptoIndicators.tsx(367,36): error TS2749: 'LineSeries' refers to a value, but is being used as a type here. Did you mean 'typeof LineSeries'?
09:05:25.272 client/src/pages/CryptoIndicators.tsx(368,37): error TS2749: 'LineSeries' refers to a value, but is being used as a type here. Did you mean 'typeof LineSeries'?
09:05:25.272 client/src/pages/CryptoIndicators.tsx(369,39): error TS2749: 'LineSeries' refers to a value, but is being used as a type here. Did you mean 'typeof LineSeries'?
09:05:25.272 client/src/pages/CryptoIndicators.tsx(370,35): error TS2749: 'LineSeries' refers to a value, but is being used as a type here. Did you mean 'typeof LineSeries'?
09:05:25.272 client/src/pages/CryptoIndicators.tsx(373,49): error TS2749: 'LineSeries' refers to a value, but is being used as a type here. Did you mean 'typeof LineSeries'?
09:05:25.272 client/src/pages/CryptoIndicators.tsx(373,68): error TS2749: 'LineSeries' refers to a value, but is being used as a type here. Did you mean 'typeof LineSeries'?
09:05:25.272 client/src/pages/CryptoIndicators.tsx(373,86): error TS2749: 'HistogramSeries' refers to a value, but is being used as a type here. Did you mean 'typeof HistogramSeries'?
09:05:25.272 client/src/pages/CryptoIndicators.tsx(374,53): error TS2749: 'LineSeries' refers to a value, but is being used as a type here. Did you mean 'typeof LineSeries'?
09:05:25.272 client/src/pages/CryptoIndicators.tsx(374,81): error TS2749: 'LineSeries' refers to a value, but is being used as a type here. Did you mean 'typeof LineSeries'?
09:05:25.272 client/src/pages/CryptoIndicators.tsx(374,110): error TS2749: 'LineSeries' refers to a value, but is being used as a type here. Did you mean 'typeof LineSeries'?
09:05:25.272 client/src/pages/CryptoIndicators.tsx(443,10): error TS6133: 'liqGrabCandles' is declared but its value is never read.
09:05:25.272 client/src/pages/CryptoIndicators.tsx(444,10): error TS6133: 'wickToBodyRatio' is declared but its value is never read.
09:05:25.272 client/src/pages/CryptoIndicators.tsx(445,28): error TS6133: 'setSwingLengthInput' is declared but its value is never read.
09:05:25.272 client/src/pages/CryptoIndicators.tsx(446,24): error TS6133: 'setLiqGrabInput' is declared but its value is never read.
09:05:25.272 client/src/pages/CryptoIndicators.tsx(447,26): error TS6133: 'setWickRatioInput' is declared but its value is never read.
09:05:25.275 client/src/pages/CryptoIndicators.tsx(451,22): error TS6133: 'setBotEnabled' is declared but its value is never read.
09:05:25.275 client/src/pages/CryptoIndicators.tsx(454,10): error TS6133: 'position' is declared but its value is never read.
09:05:25.275 client/src/pages/CryptoIndicators.tsx(454,20): error TS6133: 'setPosition' is declared but its value is never read.
09:05:25.275 client/src/pages/CryptoIndicators.tsx(455,10): error TS6133: 'signals' is declared but its value is never read.
09:05:25.275 client/src/pages/CryptoIndicators.tsx(455,19): error TS6133: 'setSignals' is declared but its value is never read.
09:05:25.275 client/src/pages/CryptoIndicators.tsx(458,10): error TS6133: 'backtesting' is declared but its value is never read.
09:05:25.276 client/src/pages/CryptoIndicators.tsx(472,10): error TS6133: 'aiAnalysisCost' is declared but its value is never read.
09:05:25.276 client/src/pages/CryptoIndicators.tsx(473,10): error TS6133: 'aiAnalysisExpanded' is declared but its value is never read.
09:05:25.276 client/src/pages/CryptoIndicators.tsx(473,30): error TS6133: 'setAiAnalysisExpanded' is declared but its value is never read.
09:05:25.276 client/src/pages/CryptoIndicators.tsx(513,28): error TS6133: 'setUseMultiExchange' is declared but its value is never read.
09:05:25.276 client/src/pages/CryptoIndicators.tsx(594,10): error TS6133: 'liqGrabTPSwingLengthInput' is declared but its value is never read.
09:05:25.276 client/src/pages/CryptoIndicators.tsx(596,10): error TS6133: 'liqGrabSLSwingLengthInput' is declared but its value is never read.
09:05:25.276 client/src/pages/CryptoIndicators.tsx(599,25): error TS6133: 'setStratBOSTrend' is declared but its value is never read.
09:05:25.276 client/src/pages/CryptoIndicators.tsx(600,26): error TS6133: 'setBosTrendFilter' is declared but its value is never read.
09:05:25.276 client/src/pages/CryptoIndicators.tsx(601,30): error TS6133: 'setBosDirectionFilter' is declared but its value is never read.
09:05:25.276 client/src/pages/CryptoIndicators.tsx(603,31): error TS6133: 'setBosSwingLengthInput' is declared but its value is never read.
09:05:25.276 client/src/pages/CryptoIndicators.tsx(604,28): error TS6133: 'setBosTPSwingLength' is declared but its value is never read.
09:05:25.276 client/src/pages/CryptoIndicators.tsx(605,10): error TS6133: 'bosTPSwingLengthInput' is declared but its value is never read.
09:05:25.276 client/src/pages/CryptoIndicators.tsx(605,33): error TS6133: 'setBosTPSwingLengthInput' is declared but its value is never read.
09:05:25.276 client/src/pages/CryptoIndicators.tsx(606,28): error TS6133: 'setBosSLSwingLength' is declared but its value is never read.
09:05:25.276 client/src/pages/CryptoIndicators.tsx(607,10): error TS6133: 'bosSLSwingLengthInput' is declared but its value is never read.
09:05:25.276 client/src/pages/CryptoIndicators.tsx(607,33): error TS6133: 'setBosSLSwingLengthInput' is declared but its value is never read.
09:05:25.276 client/src/pages/CryptoIndicators.tsx(610,25): error TS6133: 'setStratChochFVG' is declared but its value is never read.
09:05:25.276 client/src/pages/CryptoIndicators.tsx(611,10): error TS6133: 'chochStructureType' is declared but its value is never read.
09:05:25.276 client/src/pages/CryptoIndicators.tsx(611,30): error TS6133: 'setChochStructureType' is declared but its value is never read.
09:05:25.276 client/src/pages/CryptoIndicators.tsx(612,10): error TS6133: 'chochTrendFilter' is declared but its value is never read.
09:05:25.276 client/src/pages/CryptoIndicators.tsx(612,28): error TS6133: 'setChochTrendFilter' is declared but its value is never read.
09:05:25.276 client/src/pages/CryptoIndicators.tsx(613,10): error TS6133: 'chochDirectionFilter' is declared but its value is never read.
09:05:25.276 client/src/pages/CryptoIndicators.tsx(613,32): error TS6133: 'setChochDirectionFilter' is declared but its value is never read.
09:05:25.276 client/src/pages/CryptoIndicators.tsx(614,10): error TS6133: 'chochSwingLength' is declared but its value is never read.
09:05:25.276 client/src/pages/CryptoIndicators.tsx(615,33): error TS6133: 'setChochSwingLengthInput' is declared but its value is never read.
09:05:25.276 client/src/pages/CryptoIndicators.tsx(616,35): error TS6133: 'setChochFVGVolumeThreshold' is declared but its value is never read.
09:05:25.276 client/src/pages/CryptoIndicators.tsx(618,35): error TS6133: 'setChochTPSwingLengthInput' is declared but its value is never read.
09:05:25.277 client/src/pages/CryptoIndicators.tsx(620,35): error TS6133: 'setChochSLSwingLengthInput' is declared but its value is never read.
09:05:25.277 client/src/pages/CryptoIndicators.tsx(621,33): error TS6133: 'setChochUseFVGSizeFilter' is declared but its value is never read.
09:05:25.277 client/src/pages/CryptoIndicators.tsx(622,30): error TS6133: 'setChochFVGMinSizeATR' is declared but its value is never read.
09:05:25.277 client/src/pages/CryptoIndicators.tsx(625,30): error TS6133: 'setStratVWAPRejection' is declared but its value is never read.
09:05:25.277 client/src/pages/CryptoIndicators.tsx(626,10): error TS6133: 'vwapTrendFilter' is declared but its value is never read.
09:05:25.277 client/src/pages/CryptoIndicators.tsx(626,27): error TS6133: 'setVwapTrendFilter' is declared but its value is never read.
09:05:25.277 client/src/pages/CryptoIndicators.tsx(627,10): error TS6133: 'vwapDirectionFilter' is declared but its value is never read.
09:05:25.277 client/src/pages/CryptoIndicators.tsx(627,31): error TS6133: 'setVwapDirectionFilter' is declared but its value is never read.
09:05:25.277 client/src/pages/CryptoIndicators.tsx(628,20): error TS6133: 'setVwapType' is declared but its value is never read.
09:05:25.277 client/src/pages/CryptoIndicators.tsx(630,30): error TS6133: 'setVwapThresholdInput' is declared but its value is never read.
09:05:25.277 client/src/pages/CryptoIndicators.tsx(631,28): error TS6133: 'setVwapEntryCandles' is declared but its value is never read.
09:05:25.277 client/src/pages/CryptoIndicators.tsx(632,29): error TS6133: 'setVwapTPSwingLength' is declared but its value is never read.
09:05:25.277 client/src/pages/CryptoIndicators.tsx(633,10): error TS6133: 'vwapTPSwingLengthInput' is declared but its value is never read.
09:05:25.277 client/src/pages/CryptoIndicators.tsx(633,34): error TS6133: 'setVwapTPSwingLengthInput' is declared but its value is never read.
09:05:25.277 client/src/pages/CryptoIndicators.tsx(634,10): error TS6133: 'vwapSLSwingLength' is declared but its value is never read.
09:05:25.277 client/src/pages/CryptoIndicators.tsx(634,29): error TS6133: 'setVwapSLSwingLength' is declared but its value is never read.
09:05:25.277 client/src/pages/CryptoIndicators.tsx(635,10): error TS6133: 'vwapSLSwingLengthInput' is declared but its value is never read.
09:05:25.277 client/src/pages/CryptoIndicators.tsx(635,34): error TS6133: 'setVwapSLSwingLengthInput' is declared but its value is never read.
09:05:25.277 client/src/pages/CryptoIndicators.tsx(638,10): error TS6133: 'stratStructureBreak' is declared but its value is never read.
09:05:25.277 client/src/pages/CryptoIndicators.tsx(638,31): error TS6133: 'setStratStructureBreak' is declared but its value is never read.
09:05:25.277 client/src/pages/CryptoIndicators.tsx(639,10): error TS6133: 'structureTrendFilter' is declared but its value is never read.
09:05:25.277 client/src/pages/CryptoIndicators.tsx(639,32): error TS6133: 'setStructureTrendFilter' is declared but its value is never read.
09:05:25.277 client/src/pages/CryptoIndicators.tsx(640,10): error TS6133: 'structureDirectionFilter' is declared but its value is never read.
09:05:25.277 client/src/pages/CryptoIndicators.tsx(640,36): error TS6133: 'setStructureDirectionFilter' is declared but its value is never read.
09:05:25.277 client/src/pages/CryptoIndicators.tsx(643,23): error TS6133: 'setStratRSFlip' is declared but its value is never read.
09:05:25.277 client/src/pages/CryptoIndicators.tsx(644,29): error TS6133: 'setRsFlipTrendFilter' is declared but its value is never read.
09:05:25.277 client/src/pages/CryptoIndicators.tsx(645,33): error TS6133: 'setRsFlipDirectionFilter' is declared but its value is never read.
09:05:25.277 client/src/pages/CryptoIndicators.tsx(646,31): error TS6133: 'setRsFlipRetestCandles' is declared but its value is never read.
09:05:25.278 client/src/pages/CryptoIndicators.tsx(647,10): error TS6133: 'rsFlipRetestCandlesInput' is declared but its value is never read.
09:05:25.278 client/src/pages/CryptoIndicators.tsx(647,36): error TS6133: 'setRsFlipRetestCandlesInput' is declared but its value is never read.
09:05:25.278 client/src/pages/CryptoIndicators.tsx(648,31): error TS6133: 'setRsFlipTPSwingLength' is declared but its value is never read.
09:05:25.278 client/src/pages/CryptoIndicators.tsx(649,10): error TS6133: 'rsFlipTPSwingLengthInput' is declared but its value is never read.
09:05:25.278 client/src/pages/CryptoIndicators.tsx(649,36): error TS6133: 'setRsFlipTPSwingLengthInput' is declared but its value is never read.
09:05:25.278 client/src/pages/CryptoIndicators.tsx(650,10): error TS6133: 'rsFlipSLSwingLength' is declared but its value is never read.
09:05:25.278 client/src/pages/CryptoIndicators.tsx(650,31): error TS6133: 'setRsFlipSLSwingLength' is declared but its value is never read.
09:05:25.278 client/src/pages/CryptoIndicators.tsx(651,10): error TS6133: 'rsFlipSLSwingLengthInput' is declared but its value is never read.
09:05:25.278 client/src/pages/CryptoIndicators.tsx(651,36): error TS6133: 'setRsFlipSLSwingLengthInput' is declared but its value is never read.
09:05:25.278 client/src/pages/CryptoIndicators.tsx(654,27): error TS6133: 'setStratEMATrading' is declared but its value is never read.
09:05:25.278 client/src/pages/CryptoIndicators.tsx(655,24): error TS6133: 'setEmaEntryMode' is declared but its value is never read.
09:05:25.278 client/src/pages/CryptoIndicators.tsx(657,32): error TS6133: 'setEmaSinglePeriodInput' is declared but its value is never read.
09:05:25.278 client/src/pages/CryptoIndicators.tsx(658,24): error TS6133: 'setEmaThreshold' is declared but its value is never read.
09:05:25.278 client/src/pages/CryptoIndicators.tsx(660,40): error TS6133: 'setEmaTradingTPSwingLengthInput' is declared but its value is never read.
09:05:25.278 client/src/pages/CryptoIndicators.tsx(662,40): error TS6133: 'setEmaTradingSLSwingLengthInput' is declared but its value is never read.
09:05:25.278 client/src/pages/CryptoIndicators.tsx(663,10): error TS6133: 'emaTradingTrendFilter' is declared but its value is never read.
09:05:25.278 client/src/pages/CryptoIndicators.tsx(663,33): error TS6133: 'setEmaTradingTrendFilter' is declared but its value is never read.
09:05:25.278 client/src/pages/CryptoIndicators.tsx(664,10): error TS6133: 'emaTradingDirectionFilter' is declared but its value is never read.
09:05:25.278 client/src/pages/CryptoIndicators.tsx(664,37): error TS6133: 'setEmaTradingDirectionFilter' is declared but its value is never read.
09:05:25.278 client/src/pages/CryptoIndicators.tsx(667,23): error TS6133: 'setTrendFilter' is declared but its value is never read.
09:05:25.278 client/src/pages/CryptoIndicators.tsx(668,10): error TS6133: 'trendFilterType' is declared but its value is never read.
09:05:25.278 client/src/pages/CryptoIndicators.tsx(668,27): error TS6133: 'setTrendFilterType' is declared but its value is never read.
09:05:25.278 client/src/pages/CryptoIndicators.tsx(669,27): error TS6133: 'setDirectionFilter' is declared but its value is never read.
09:05:25.278 client/src/pages/CryptoIndicators.tsx(672,23): error TS6133: 'setAccountSize' is declared but its value is never read.
09:05:25.278 client/src/pages/CryptoIndicators.tsx(673,23): error TS6133: 'setRiskPercent' is declared but its value is never read.
09:05:25.278 client/src/pages/CryptoIndicators.tsx(686,31): error TS6133: 'setLiqGrabAutoTestMode' is declared but its value is never read.
09:05:25.278 client/src/pages/CryptoIndicators.tsx(687,10): error TS6133: 'liqGrabAutoTestRunning' is declared but its value is never read.
09:05:25.278 client/src/pages/CryptoIndicators.tsx(688,10): error TS6133: 'liqGrabAutoTestProgress' is declared but its value is never read.
09:05:25.278 client/src/pages/CryptoIndicators.tsx(691,33): error TS6133: 'setLiqGrabAutoTestSortBy' is declared but its value is never read.
09:05:25.279 client/src/pages/CryptoIndicators.tsx(694,28): error TS6133: 'setTestTP1Structure' is declared but its value is never read.
09:05:25.279 client/src/pages/CryptoIndicators.tsx(695,27): error TS6133: 'setTestTP1Trailing' is declared but its value is never read.
09:05:25.279 client/src/pages/CryptoIndicators.tsx(696,22): error TS6133: 'setTestTP1EMA' is declared but its value is never read.
09:05:25.279 client/src/pages/CryptoIndicators.tsx(697,26): error TS6133: 'setTestTP1FixedRR' is declared but its value is never read.
09:05:25.279 client/src/pages/CryptoIndicators.tsx(699,28): error TS6133: 'setTestTP2Structure' is declared but its value is never read.
09:05:25.279 client/src/pages/CryptoIndicators.tsx(700,27): error TS6133: 'setTestTP2Trailing' is declared but its value is never read.
09:05:25.279 client/src/pages/CryptoIndicators.tsx(701,22): error TS6133: 'setTestTP2EMA' is declared but its value is never read.
09:05:25.279 client/src/pages/CryptoIndicators.tsx(702,26): error TS6133: 'setTestTP2FixedRR' is declared but its value is never read.
09:05:25.279 client/src/pages/CryptoIndicators.tsx(704,28): error TS6133: 'setTestTP3Structure' is declared but its value is never read.
09:05:25.279 client/src/pages/CryptoIndicators.tsx(705,27): error TS6133: 'setTestTP3Trailing' is declared but its value is never read.
09:05:25.279 client/src/pages/CryptoIndicators.tsx(706,22): error TS6133: 'setTestTP3EMA' is declared but its value is never read.
09:05:25.279 client/src/pages/CryptoIndicators.tsx(707,26): error TS6133: 'setTestTP3FixedRR' is declared but its value is never read.
09:05:25.279 client/src/pages/CryptoIndicators.tsx(709,21): error TS6133: 'setTestSLATR' is declared but its value is never read.
09:05:25.279 client/src/pages/CryptoIndicators.tsx(710,27): error TS6133: 'setTestSLStructure' is declared but its value is never read.
09:05:25.279 client/src/pages/CryptoIndicators.tsx(711,31): error TS6133: 'setTestSLFixedDistance' is declared but its value is never read.
09:05:25.279 client/src/pages/CryptoIndicators.tsx(714,28): error TS6133: 'setTestTrendFilters' is declared but its value is never read.
09:05:25.279 client/src/pages/CryptoIndicators.tsx(715,26): error TS6133: 'setTestDirections' is declared but its value is never read.
09:05:25.279 client/src/pages/CryptoIndicators.tsx(716,29): error TS6133: 'setTestUseWickFilter' is declared but its value is never read.
09:05:25.279 client/src/pages/CryptoIndicators.tsx(717,33): error TS6133: 'setTestUseConfirmCandles' is declared but its value is never read.
09:05:25.279 client/src/pages/CryptoIndicators.tsx(720,28): error TS6133: 'setSwingLengthRange' is declared but its value is never read.
09:05:25.279 client/src/pages/CryptoIndicators.tsx(721,26): error TS6133: 'setWickRatioRange' is declared but its value is never read.
09:05:25.279 client/src/pages/CryptoIndicators.tsx(722,31): error TS6133: 'setConfirmCandlesRange' is declared but its value is never read.
09:05:25.279 client/src/pages/CryptoIndicators.tsx(725,22): error TS6133: 'setTp1RRRange' is declared but its value is never read.
09:05:25.279 client/src/pages/CryptoIndicators.tsx(726,31): error TS6133: 'setTp1SwingLengthRange' is declared but its value is never read.
09:05:25.279 client/src/pages/CryptoIndicators.tsx(727,33): error TS6133: 'setTp1TrailingSwingRange' is declared but its value is never read.
09:05:25.280 client/src/pages/CryptoIndicators.tsx(728,27): error TS6133: 'setTp1EMAFastRange' is declared but its value is never read.
09:05:25.280 client/src/pages/CryptoIndicators.tsx(729,27): error TS6133: 'setTp1EMASlowRange' is declared but its value is never read.
09:05:25.280 client/src/pages/CryptoIndicators.tsx(731,22): error TS6133: 'setTp2RRRange' is declared but its value is never read.
09:05:25.280 client/src/pages/CryptoIndicators.tsx(732,31): error TS6133: 'setTp2SwingLengthRange' is declared but its value is never read.
09:05:25.280 client/src/pages/CryptoIndicators.tsx(733,33): error TS6133: 'setTp2TrailingSwingRange' is declared but its value is never read.
09:05:25.280 client/src/pages/CryptoIndicators.tsx(734,27): error TS6133: 'setTp2EMAFastRange' is declared but its value is never read.
09:05:25.280 client/src/pages/CryptoIndicators.tsx(735,27): error TS6133: 'setTp2EMASlowRange' is declared but its value is never read.
09:05:25.280 client/src/pages/CryptoIndicators.tsx(737,22): error TS6133: 'setTp3RRRange' is declared but its value is never read.
09:05:25.280 client/src/pages/CryptoIndicators.tsx(738,31): error TS6133: 'setTp3SwingLengthRange' is declared but its value is never read.
09:05:25.280 client/src/pages/CryptoIndicators.tsx(739,33): error TS6133: 'setTp3TrailingSwingRange' is declared but its value is never read.
09:05:25.280 client/src/pages/CryptoIndicators.tsx(740,27): error TS6133: 'setTp3EMAFastRange' is declared but its value is never read.
09:05:25.280 client/src/pages/CryptoIndicators.tsx(741,27): error TS6133: 'setTp3EMASlowRange' is declared but its value is never read.
09:05:25.280 client/src/pages/CryptoIndicators.tsx(743,22): error TS6133: 'setSlATRRange' is declared but its value is never read.
09:05:25.280 client/src/pages/CryptoIndicators.tsx(744,30): error TS6133: 'setSlSwingLengthRange' is declared but its value is never read.
09:05:25.280 client/src/pages/CryptoIndicators.tsx(745,32): error TS6133: 'setSlFixedDistanceRange' is declared but its value is never read.
09:05:25.280 client/src/pages/CryptoIndicators.tsx(748,19): error TS6133: 'setBosTPSL' is declared but its value is never read.
09:05:25.280 client/src/pages/CryptoIndicators.tsx(757,21): error TS6133: 'setChochTPSL' is declared but its value is never read.
09:05:25.280 client/src/pages/CryptoIndicators.tsx(766,20): error TS6133: 'setVwapTPSL' is declared but its value is never read.
09:05:25.280 client/src/pages/CryptoIndicators.tsx(771,11): error TS2322: Type '"fixed_distance"' is not assignable to type 'SLType'.
09:05:25.280 client/src/pages/CryptoIndicators.tsx(775,22): error TS6133: 'setRsFlipTPSL' is declared but its value is never read.
09:05:25.280 client/src/pages/CryptoIndicators.tsx(783,26): error TS6133: 'setEmaTradingTPSL' is declared but its value is never read.
09:05:25.280 client/src/pages/CryptoIndicators.tsx(835,9): error TS6133: 'orderFlowSeriesRef' is declared but its value is never read.
09:05:25.280 client/src/pages/CryptoIndicators.tsx(836,9): error TS6133: 'cumDeltaSeriesRef' is declared but its value is never read.
09:05:25.280 client/src/pages/CryptoIndicators.tsx(982,9): error TS6133: 'estimatedTime' is declared but its value is never read.
09:05:25.280 client/src/pages/CryptoIndicators.tsx(2213,9): error TS6133: 'findPreviousSwingLevels' is declared but its value is never read.
09:05:25.280 client/src/pages/CryptoIndicators.tsx(2314,61): error TS6133: 'stopLoss' is declared but its value is never read.
09:05:25.280 client/src/pages/CryptoIndicators.tsx(2371,11): error TS6133: 'currentPrice' is declared but its value is never read.
09:05:25.280 client/src/pages/CryptoIndicators.tsx(2479,5): error TS2322: Type 'TPType | "projection"' is not assignable to type 'TPType'.
09:05:25.281   Type '"projection"' is not assignable to type 'TPType'.
09:05:25.281 client/src/pages/CryptoIndicators.tsx(2480,9): error TS2367: This comparison appears to be unintentional because the types 'TPType | undefined' and '"projection"' have no overlap.
09:05:25.281 client/src/pages/CryptoIndicators.tsx(2617,5): error TS2322: Type 'TPType | "projection"' is not assignable to type 'TPType'.
09:05:25.281   Type '"projection"' is not assignable to type 'TPType'.
09:05:25.281 client/src/pages/CryptoIndicators.tsx(2618,9): error TS2367: This comparison appears to be unintentional because the types 'TPType | undefined' and '"projection"' have no overlap.
09:05:25.281 client/src/pages/CryptoIndicators.tsx(2700,11): error TS6133: 'atr' is declared but its value is never read.
09:05:25.281 client/src/pages/CryptoIndicators.tsx(2919,9): error TS2322: Type '"projection"' is not assignable to type 'TPType'.
09:05:25.281 client/src/pages/CryptoIndicators.tsx(3009,38): error TS2345: Argument of type 'CandleData[]' is not assignable to parameter of type 'number[]'.
09:05:25.281   Type 'CandleData' is not assignable to type 'number'.
09:05:25.281 client/src/pages/CryptoIndicators.tsx(3013,42): error TS2345: Argument of type 'CandleData[]' is not assignable to parameter of type 'number[]'.
09:05:25.281   Type 'CandleData' is not assignable to type 'number'.
09:05:25.281 client/src/pages/CryptoIndicators.tsx(3014,42): error TS2345: Argument of type 'CandleData[]' is not assignable to parameter of type 'number[]'.
09:05:25.281   Type 'CandleData' is not assignable to type 'number'.
09:05:25.281 client/src/pages/CryptoIndicators.tsx(3042,103): error TS2339: Property 'price' does not exist on type '{ time: number; value: number; type: "high" | "low"; index: number; }'.
09:05:25.281 client/src/pages/CryptoIndicators.tsx(3042,167): error TS2339: Property 'price' does not exist on type '{ time: number; value: number; type: "high" | "low"; index: number; }'.
09:05:25.281 client/src/pages/CryptoIndicators.tsx(3099,9): error TS2322: Type '"ema_trading"' is not assignable to type '"liquidity_grab" | "choch_fvg" | "vwap_rejection" | "structure_break" | "rs_flip" | "bos_trend"'.
09:05:25.281 client/src/pages/CryptoIndicators.tsx(3107,9): error TS2322: Type '"projection"' is not assignable to type 'TPType'.
09:05:25.281 client/src/pages/CryptoIndicators.tsx(3231,7): error TS2322: Type '"ema_trading"' is not assignable to type '"liquidity_grab" | "choch_fvg" | "vwap_rejection" | "structure_break" | "rs_flip" | "bos_trend"'.
09:05:25.281 client/src/pages/CryptoIndicators.tsx(3239,7): error TS2322: Type '"projection"' is not assignable to type 'TPType'.
09:05:25.281 client/src/pages/CryptoIndicators.tsx(3368,11): error TS2322: Type '"projection"' is not assignable to type 'TPType'.
09:05:25.281 client/src/pages/CryptoIndicators.tsx(3778,32): error TS6133: 'idx' is declared but its value is never read.
09:05:25.281 client/src/pages/CryptoIndicators.tsx(3846,32): error TS6133: 'idx' is declared but its value is never read.
09:05:25.281 client/src/pages/CryptoIndicators.tsx(4443,17): error TS2322: Type '"VWAP Exit"' is not assignable to type '"TP1" | "TP2" | "TP3" | "SL" | "Breakeven" | "EMA Exit"'.
09:05:25.281 client/src/pages/CryptoIndicators.tsx(4787,17): error TS2322: Type '"VWAP Exit"' is not assignable to type '"TP1" | "TP2" | "TP3" | "SL" | "Breakeven" | "EMA Exit"'.
09:05:25.282 client/src/pages/CryptoIndicators.tsx(5167,9): error TS6133: 'runAutoBacktest' is declared but its value is never read.
09:05:25.282 client/src/pages/CryptoIndicators.tsx(5203,11): error TS2353: Object literal may only specify known properties, and 'wickRatio' does not exist in type '{ swingLength?: number | undefined; trendFilter?: "both" | "none" | "structure" | "ema" | undefined; directionFilter?: "both" | "bull" | "bear" | undefined; tpslConfig?: BotTPSLConfig | undefined; }'.
09:05:25.282 client/src/pages/CryptoIndicators.tsx(5280,20): error TS2345: Argument of type '{ config: any; results: BacktestResults; configDescription: string; swingLength: any; trendFilter: any; allowedDirections: any; }' is not assignable to parameter of type 'AutoBacktestResult'.
09:05:25.282   Type '{ config: any; results: BacktestResults; configDescription: string; swingLength: any; trendFilter: any; allowedDirections: any; }' is missing the following properties from type 'AutoBacktestResult': wickRatio, confirmCandles, useWickFilter, useConfirmCandles
09:05:25.284 client/src/pages/CryptoIndicators.tsx(5316,9): error TS6133: 'applyAutoBacktestConfig' is declared but its value is never read.
09:05:25.284 client/src/pages/CryptoIndicators.tsx(5324,31): error TS2345: Argument of type '"both" | "long" | "short"' is not assignable to parameter of type 'SetStateAction<"both" | "bull" | "bear">'.
09:05:25.284   Type '"long"' is not assignable to type 'SetStateAction<"both" | "bull" | "bear">'.
09:05:25.284 client/src/pages/CryptoIndicators.tsx(5352,9): error TS6133: 'saveAsDefault' is declared but its value is never read.
09:05:25.285 client/src/pages/CryptoIndicators.tsx(5561,9): error TS6133: 'sortedAutoBacktestResults' is declared but its value is never read.
09:05:25.285 client/src/pages/CryptoIndicators.tsx(5639,9): error TS6133: 'runBacktest' is declared but its value is never read.
09:05:25.285 client/src/pages/CryptoIndicators.tsx(6018,16): error TS2345: Argument of type '"rolling"' is not assignable to parameter of type '"session" | "daily" | "weekly" | "monthly" | "rolling10" | "rolling20" | "rolling50"'.
09:05:25.285 client/src/pages/CryptoIndicators.tsx(6163,15): error TS6133: 'gapHeight' is declared but its value is never read.
09:05:25.285 client/src/pages/CryptoIndicators.tsx(6268,15): error TS2322: Type 'number' is not assignable to type 'DeepPartial<LineWidth> | undefined'.
09:05:25.285 client/src/pages/CryptoIndicators.tsx(7084,15): error TS6133: 'lastPoint' is declared but its value is never read.
09:05:25.285 client/src/pages/CryptoIndicators.tsx(7158,40): error TS6133: 'price' is declared but its value is never read.
09:05:25.285 client/src/pages/CryptoIndicators.tsx(7158,55): error TS6133: 'time' is declared but its value is never read.
09:05:25.285 client/src/pages/CryptoIndicators.tsx(7432,37): error TS2367: This comparison appears to be unintentional because the types '"TP1" | "TP2" | "TP3" | "SL" | "Breakeven"' and '"VWAP Exit"' have no overlap.
09:05:25.285 client/src/pages/CryptoIndicators.tsx(7643,58): error TS2367: This comparison appears to be unintentional because the types 'number' and 'string' have no overlap.
09:05:25.285 client/src/pages/CryptoIndicators.tsx(7999,18): error TS2345: Argument of type '{ time: number; value: number; }[]' is not assignable to parameter of type '(WhitespaceData<Time> | LineData<Time>)[]'.
09:05:25.285   Type '{ time: number; value: number; }' is not assignable to type 'WhitespaceData<Time> | LineData<Time>'.
09:05:25.285     Type '{ time: number; value: number; }' is not assignable to type 'LineData<Time>'.
09:05:25.285       Types of property 'time' are incompatible.
09:05:25.285         Type 'number' is not assignable to type 'Time'.
09:05:25.285 client/src/pages/CryptoIndicators.tsx(8004,88): error TS2345: Argument of type '{ time: number; value: number; }[]' is not assignable to parameter of type '(WhitespaceData<Time> | LineData<Time>)[]'.
09:05:25.285   Type '{ time: number; value: number; }' is not assignable to type 'WhitespaceData<Time> | LineData<Time>'.
09:05:25.285     Type '{ time: number; value: number; }' is not assignable to type 'LineData<Time>'.
09:05:25.285       Types of property 'time' are incompatible.
09:05:25.285         Type 'number' is not assignable to type 'Time'.
09:05:25.285 client/src/pages/CryptoIndicators.tsx(8005,88): error TS2345: Argument of type '{ time: number; value: number; }[]' is not assignable to parameter of type '(WhitespaceData<Time> | LineData<Time>)[]'.
09:05:25.286   Type '{ time: number; value: number; }' is not assignable to type 'WhitespaceData<Time> | LineData<Time>'.
09:05:25.286     Type '{ time: number; value: number; }' is not assignable to type 'LineData<Time>'.
09:05:25.286       Types of property 'time' are incompatible.
09:05:25.286         Type 'number' is not assignable to type 'Time'.
09:05:25.286 client/src/pages/CryptoIndicators.tsx(8035,77): error TS2345: Argument of type '{ time: number; value: number; }[]' is not assignable to parameter of type '(WhitespaceData<Time> | LineData<Time>)[]'.
09:05:25.286   Type '{ time: number; value: number; }' is not assignable to type 'WhitespaceData<Time> | LineData<Time>'.
09:05:25.286     Type '{ time: number; value: number; }' is not assignable to type 'LineData<Time>'.
09:05:25.286       Types of property 'time' are incompatible.
09:05:25.286         Type 'number' is not assignable to type 'Time'.
09:05:25.286 client/src/pages/CryptoIndicators.tsx(8036,77): error TS2345: Argument of type '{ time: number; value: number; }[]' is not assignable to parameter of type '(WhitespaceData<Time> | LineData<Time>)[]'.
09:05:25.286   Type '{ time: number; value: number; }' is not assignable to type 'WhitespaceData<Time> | LineData<Time>'.
09:05:25.286     Type '{ time: number; value: number; }' is not assignable to type 'LineData<Time>'.
09:05:25.286       Types of property 'time' are incompatible.
09:05:25.286         Type 'number' is not assignable to type 'Time'.
09:05:25.286 client/src/pages/CryptoIndicators.tsx(8037,68): error TS2345: Argument of type '{ time: number; value: number; color: string; }[]' is not assignable to parameter of type '(WhitespaceData<Time> | HistogramData<Time>)[]'.
09:05:25.286   Type '{ time: number; value: number; color: string; }' is not assignable to type 'WhitespaceData<Time> | HistogramData<Time>'.
09:05:25.286     Type '{ time: number; value: number; color: string; }' is not assignable to type 'HistogramData<Time>'.
09:05:25.287       Types of property 'time' are incompatible.
09:05:25.287         Type 'number' is not assignable to type 'Time'.
09:05:25.287 client/src/pages/CryptoIndicators.tsx(8066,77): error TS2345: Argument of type '{ time: number; value: number; }[]' is not assignable to parameter of type '(WhitespaceData<Time> | LineData<Time>)[]'.
09:05:25.287   Type '{ time: number; value: number; }' is not assignable to type 'WhitespaceData<Time> | LineData<Time>'.
09:05:25.287     Type '{ time: number; value: number; }' is not assignable to type 'LineData<Time>'.
09:05:25.287       Types of property 'time' are incompatible.
09:05:25.287         Type 'number' is not assignable to type 'Time'.
09:05:25.287 client/src/pages/CryptoIndicators.tsx(8099,19): error TS2345: Argument of type '{ time: number; value: number; }[]' is not assignable to parameter of type '(WhitespaceData<Time> | LineData<Time>)[]'.
09:05:25.287   Type '{ time: number; value: number; }' is not assignable to type 'WhitespaceData<Time> | LineData<Time>'.
09:05:25.287     Type '{ time: number; value: number; }' is not assignable to type 'LineData<Time>'.
09:05:25.287       Types of property 'time' are incompatible.
09:05:25.287         Type 'number' is not assignable to type 'Time'.
09:05:25.287 client/src/pages/CryptoIndicators.tsx(8100,19): error TS2345: Argument of type '{ time: number; value: number; }[]' is not assignable to parameter of type '(WhitespaceData<Time> | LineData<Time>)[]'.
09:05:25.287   Type '{ time: number; value: number; }' is not assignable to type 'WhitespaceData<Time> | LineData<Time>'.
09:05:25.287     Type '{ time: number; value: number; }' is not assignable to type 'LineData<Time>'.
09:05:25.287       Types of property 'time' are incompatible.
09:05:25.287         Type 'number' is not assignable to type 'Time'.
09:05:25.287 client/src/pages/CryptoIndicators.tsx(8105,88): error TS2345: Argument of type '{ time: number; value: number; }[]' is not assignable to parameter of type '(WhitespaceData<Time> | LineData<Time>)[]'.
09:05:25.287   Type '{ time: number; value: number; }' is not assignable to type 'WhitespaceData<Time> | LineData<Time>'.
09:05:25.287     Type '{ time: number; value: number; }' is not assignable to type 'LineData<Time>'.
09:05:25.287       Types of property 'time' are incompatible.
09:05:25.287         Type 'number' is not assignable to type 'Time'.
09:05:25.287 client/src/pages/CryptoIndicators.tsx(8106,88): error TS2345: Argument of type '{ time: number; value: number; }[]' is not assignable to parameter of type '(WhitespaceData<Time> | LineData<Time>)[]'.
09:05:25.287   Type '{ time: number; value: number; }' is not assignable to type 'WhitespaceData<Time> | LineData<Time>'.
09:05:25.287     Type '{ time: number; value: number; }' is not assignable to type 'LineData<Time>'.
09:05:25.287       Types of property 'time' are incompatible.
09:05:25.287         Type 'number' is not assignable to type 'Time'.
09:05:25.287 client/src/pages/CryptoIndicators.tsx(8136,18): error TS2345: Argument of type 'WilliamsRValue[]' is not assignable to parameter of type '(WhitespaceData<Time> | LineData<Time>)[]'.
09:05:25.287   Type 'WilliamsRValue' is not assignable to type 'WhitespaceData<Time> | LineData<Time>'.
09:05:25.287     Type 'WilliamsRValue' is not assignable to type 'LineData<Time>'.
09:05:25.287       Types of property 'time' are incompatible.
09:05:25.287         Type 'number' is not assignable to type 'Time'.
09:05:25.288 client/src/pages/CryptoIndicators.tsx(8141,88): error TS2345: Argument of type '{ time: number; value: number; }[]' is not assignable to parameter of type '(WhitespaceData<Time> | LineData<Time>)[]'.
09:05:25.288   Type '{ time: number; value: number; }' is not assignable to type 'WhitespaceData<Time> | LineData<Time>'.
09:05:25.288     Type '{ time: number; value: number; }' is not assignable to type 'LineData<Time>'.
09:05:25.288       Types of property 'time' are incompatible.
09:05:25.288         Type 'number' is not assignable to type 'Time'.
09:05:25.288 client/src/pages/CryptoIndicators.tsx(8142,88): error TS2345: Argument of type '{ time: number; value: number; }[]' is not assignable to parameter of type '(WhitespaceData<Time> | LineData<Time>)[]'.
09:05:25.288   Type '{ time: number; value: number; }' is not assignable to type 'WhitespaceData<Time> | LineData<Time>'.
09:05:25.288     Type '{ time: number; value: number; }' is not assignable to type 'LineData<Time>'.
09:05:25.288       Types of property 'time' are incompatible.
09:05:25.288         Type 'number' is not assignable to type 'Time'.
09:05:25.288 client/src/pages/CryptoIndicators.tsx(8172,18): error TS2345: Argument of type '{ time: number; value: number; }[]' is not assignable to parameter of type '(WhitespaceData<Time> | LineData<Time>)[]'.
09:05:25.288   Type '{ time: number; value: number; }' is not assignable to type 'WhitespaceData<Time> | LineData<Time>'.
09:05:25.288     Type '{ time: number; value: number; }' is not assignable to type 'LineData<Time>'.
09:05:25.288       Types of property 'time' are incompatible.
09:05:25.288         Type 'number' is not assignable to type 'Time'.
09:05:25.288 client/src/pages/CryptoIndicators.tsx(8177,88): error TS2345: Argument of type '{ time: number; value: number; }[]' is not assignable to parameter of type '(WhitespaceData<Time> | LineData<Time>)[]'.
09:05:25.288   Type '{ time: number; value: number; }' is not assignable to type 'WhitespaceData<Time> | LineData<Time>'.
09:05:25.288     Type '{ time: number; value: number; }' is not assignable to type 'LineData<Time>'.
09:05:25.288       Types of property 'time' are incompatible.
09:05:25.288         Type 'number' is not assignable to type 'Time'.
09:05:25.288 client/src/pages/CryptoIndicators.tsx(8178,88): error TS2345: Argument of type '{ time: number; value: number; }[]' is not assignable to parameter of type '(WhitespaceData<Time> | LineData<Time>)[]'.
09:05:25.288   Type '{ time: number; value: number; }' is not assignable to type 'WhitespaceData<Time> | LineData<Time>'.
09:05:25.288     Type '{ time: number; value: number; }' is not assignable to type 'LineData<Time>'.
09:05:25.288       Types of property 'time' are incompatible.
09:05:25.288         Type 'number' is not assignable to type 'Time'.
09:05:25.288 client/src/pages/CryptoIndicators.tsx(8208,18): error TS2345: Argument of type '{ time: number; value: number; }[]' is not assignable to parameter of type '(WhitespaceData<Time> | LineData<Time>)[]'.
09:05:25.288   Type '{ time: number; value: number; }' is not assignable to type 'WhitespaceData<Time> | LineData<Time>'.
09:05:25.288     Type '{ time: number; value: number; }' is not assignable to type 'LineData<Time>'.
09:05:25.288       Types of property 'time' are incompatible.
09:05:25.288         Type 'number' is not assignable to type 'Time'.
09:05:25.288 client/src/pages/CryptoIndicators.tsx(8213,88): error TS2345: Argument of type '{ time: number; value: number; }[]' is not assignable to parameter of type '(WhitespaceData<Time> | LineData<Time>)[]'.
09:05:25.288   Type '{ time: number; value: number; }' is not assignable to type 'WhitespaceData<Time> | LineData<Time>'.
09:05:25.288     Type '{ time: number; value: number; }' is not assignable to type 'LineData<Time>'.
09:05:25.288       Types of property 'time' are incompatible.
09:05:25.289         Type 'number' is not assignable to type 'Time'.
09:05:25.289 client/src/pages/CryptoIndicators.tsx(8214,88): error TS2345: Argument of type '{ time: number; value: number; }[]' is not assignable to parameter of type '(WhitespaceData<Time> | LineData<Time>)[]'.
09:05:25.289   Type '{ time: number; value: number; }' is not assignable to type 'WhitespaceData<Time> | LineData<Time>'.
09:05:25.289     Type '{ time: number; value: number; }' is not assignable to type 'LineData<Time>'.
09:05:25.289       Types of property 'time' are incompatible.
09:05:25.289         Type 'number' is not assignable to type 'Time'.
09:05:25.289 client/src/pages/CryptoIndicators.tsx(8215,88): error TS2345: Argument of type '{ time: number; value: number; }[]' is not assignable to parameter of type '(WhitespaceData<Time> | LineData<Time>)[]'.
09:05:25.289   Type '{ time: number; value: number; }' is not assignable to type 'WhitespaceData<Time> | LineData<Time>'.
09:05:25.289     Type '{ time: number; value: number; }' is not assignable to type 'LineData<Time>'.
09:05:25.289       Types of property 'time' are incompatible.
09:05:25.289         Type 'number' is not assignable to type 'Time'.
09:05:25.289 client/src/pages/CryptoIndicators.tsx(8249,21): error TS2345: Argument of type '{ time: number; value: number; }[]' is not assignable to parameter of type '(WhitespaceData<Time> | LineData<Time>)[]'.
09:05:25.289   Type '{ time: number; value: number; }' is not assignable to type 'WhitespaceData<Time> | LineData<Time>'.
09:05:25.289     Type '{ time: number; value: number; }' is not assignable to type 'LineData<Time>'.
09:05:25.289       Types of property 'time' are incompatible.
09:05:25.289         Type 'number' is not assignable to type 'Time'.
09:05:25.289 client/src/pages/CryptoIndicators.tsx(8250,24): error TS2345: Argument of type '{ time: number; value: number; }[]' is not assignable to parameter of type '(WhitespaceData<Time> | LineData<Time>)[]'.
09:05:25.289   Type '{ time: number; value: number; }' is not assignable to type 'WhitespaceData<Time> | LineData<Time>'.
09:05:25.289     Type '{ time: number; value: number; }' is not assignable to type 'LineData<Time>'.
09:05:25.289       Types of property 'time' are incompatible.
09:05:25.289         Type 'number' is not assignable to type 'Time'.
09:05:25.289 client/src/pages/CryptoIndicators.tsx(8251,25): error TS2345: Argument of type '{ time: number; value: number; }[]' is not assignable to parameter of type '(WhitespaceData<Time> | LineData<Time>)[]'.
09:05:25.289   Type '{ time: number; value: number; }' is not assignable to type 'WhitespaceData<Time> | LineData<Time>'.
09:05:25.289     Type '{ time: number; value: number; }' is not assignable to type 'LineData<Time>'.
09:05:25.289       Types of property 'time' are incompatible.
09:05:25.289         Type 'number' is not assignable to type 'Time'.
09:05:25.289 client/src/pages/CryptoIndicators.tsx(8256,88): error TS2345: Argument of type '{ time: number; value: number; }[]' is not assignable to parameter of type '(WhitespaceData<Time> | LineData<Time>)[]'.
09:05:25.289   Type '{ time: number; value: number; }' is not assignable to type 'WhitespaceData<Time> | LineData<Time>'.
09:05:25.289     Type '{ time: number; value: number; }' is not assignable to type 'LineData<Time>'.
09:05:25.289       Types of property 'time' are incompatible.
09:05:25.289         Type 'number' is not assignable to type 'Time'.
09:05:25.289 client/src/pages/CryptoIndicators.tsx(10042,36): error TS2552: Cannot find name 'setShowAlertSettings'. Did you mean 'setAlertSettingsOpen'?
09:05:25.289 client/src/pages/CryptoLanding.tsx(5,23): error TS2307: Cannot find module '@assets/grok_video_2025-11-13-19-48-28_1763063433278.mp4' or its corresponding type declarations.
09:05:25.290 client/src/pages/CryptoLanding.tsx(9,9): error TS6198: All destructured elements are unused.
09:05:25.290 client/src/pages/CryptoPrivacy.tsx(5,28): error TS2307: Cannot find module '@assets/beartec logo_1763645889028.png' or its corresponding type declarations.
09:05:25.290 client/src/pages/CryptoTerms.tsx(5,28): error TS2307: Cannot find module '@assets/beartec logo_1763645889028.png' or its corresponding type declarations.
09:05:25.290 client/src/pages/CryptoTraining.tsx(6,28): error TS2307: Cannot find module '@assets/beartec logo_1763645889028.png' or its corresponding type declarations.
09:05:25.290 client/src/pages/FeedbackPage.tsx(1,20): error TS6133: 'useEffect' is declared but its value is never read.
09:05:25.290 client/src/pages/FeedbackPage.tsx(4,1): error TS6133: 'Input' is declared but its value is never read.
09:05:25.290 client/src/pages/FeedbackPage.tsx(9,21): error TS2307: Cannot find module 'react-icons/si' or its corresponding type declarations.
09:05:25.290 client/src/pages/FeedbackPage.tsx(40,15): error TS6133: 'error' is declared but its value is never read.
09:05:25.290 client/src/pages/IndustrialCalculatorFlow.tsx(9,21): error TS2307: Cannot find module 'react-icons/si' or its corresponding type declarations.
09:05:25.290 client/src/pages/Landing.tsx(5,21): error TS2307: Cannot find module 'react-icons/si' or its corresponding type declarations.
09:05:25.290 client/src/pages/PrivacyPolicy.tsx(4,21): error TS2307: Cannot find module 'react-icons/si' or its corresponding type declarations.
09:05:25.290 client/src/pages/PrivacyPolicy.tsx(6,25): error TS2307: Cannot find module '@assets/Screenshot_20250823-074823_1755931718570.png' or its corresponding type declarations.
09:05:25.290 client/src/pages/PrivacyPolicy.tsx(7,27): error TS2307: Cannot find module '@assets/Screenshot_20250823-075417_1755932088384.png' or its corresponding type declarations.
09:05:25.290 client/src/pages/TermsOfService.tsx(1,29): error TS6133: 'CardDescription' is declared but its value is never read.
09:05:25.290 client/src/pages/TermsOfService.tsx(4,21): error TS2307: Cannot find module 'react-icons/si' or its corresponding type declarations.
09:05:25.290 client/src/pages/TermsOfService.tsx(6,25): error TS2307: Cannot find module '@assets/Screenshot_20250823-074823_1755931718570.png' or its corresponding type declarations.
09:05:25.290 client/src/pages/TermsOfService.tsx(7,27): error TS2307: Cannot find module '@assets/Screenshot_20250823-075417_1755932088384.png' or its corresponding type declarations.
09:05:25.290 client/src/pages/calculations.tsx(6,25): error TS2307: Cannot find module '@assets/Screenshot_20250823-074823_1755931718570.png' or its corresponding type declarations.
09:05:25.290 client/src/pages/calculations.tsx(7,27): error TS2307: Cannot find module '@assets/Screenshot_20250823-075417_1755932088384.png' or its corresponding type declarations.
09:05:25.290 client/src/pages/home.tsx(4,1): error TS6133: 'Badge' is declared but its value is never read.
09:05:25.290 client/src/pages/home.tsx(5,22): error TS6133: 'Shield' is declared but its value is never read.
09:05:25.290 client/src/pages/home.tsx(5,30): error TS6133: 'HelpCircle' is declared but its value is never read.
09:05:25.290 client/src/pages/home.tsx(7,25): error TS2307: Cannot find module '@assets/Screenshot_20250823-074823_1755931718570.png' or its corresponding type declarations.
09:05:25.290 client/src/pages/home.tsx(8,27): error TS2307: Cannot find module '@assets/Screenshot_20250823-075417_1755932088384.png' or its corresponding type declarations.
09:05:25.290 client/src/pages/home.tsx(15,1): error TS6133: 'SubscriptionGate' is declared but its value is never read.
09:05:25.290 client/src/pages/home.tsx(46,16): error TS6133: 'data' is declared but its value is never read.
09:05:25.290 client/src/pages/not-found.tsx(1,1): error TS6192: All imports in import declaration are unused.
09:05:25.290 client/src/pages/not-found.tsx(2,1): error TS6133: 'AlertCircle' is declared but its value is never read.
09:05:25.290 node_modules/drizzle-orm/mysql-core/db.d.ts(1,38): error TS2307: Cannot find module 'mysql2/promise' or its corresponding type declarations.
09:05:25.290 node_modules/drizzle-orm/mysql-core/query-builders/delete.d.ts(36,22): error TS2420: Class 'MySqlDeleteBase<TTable, TQueryResult, TPreparedQueryHKT, TDynamic, TExcludedMethods>' incorrectly implements interface 'SQLWrapper'.
09:05:25.290   Property 'getSQL' is missing in type 'MySqlDeleteBase<TTable, TQueryResult, TPreparedQueryHKT, TDynamic, TExcludedMethods>' but required in type 'SQLWrapper'.
09:05:25.290 node_modules/drizzle-orm/mysql-core/query-builders/select.d.ts(199,244): error TS2344: Type 'string' does not satisfy the constraint 'keyof this & string'.
09:05:25.291   Type 'string' is not assignable to type 'keyof this & string'.
09:05:25.291     Type 'string' is not assignable to type 'keyof this'.
09:05:25.291       Type '"session"' is not assignable to type '"intersect" | "offset" | "as" | "_" | "getSQL" | "union" | "except" | "where" | "orderBy" | "limit" | "toSQL" | "$dynamic" | "having" | "groupBy" | "leftJoin" | "rightJoin" | "innerJoin" | ... 4 more ... | "exceptAll"'.
09:05:25.291 node_modules/drizzle-orm/mysql-core/query-builders/select.d.ts(225,247): error TS2344: Type 'string' does not satisfy the constraint 'keyof this & string'.
09:05:25.291   Type 'string' is not assignable to type 'keyof this & string'.
09:05:25.291     Type 'string' is not assignable to type 'keyof this'.
09:05:25.291       Type '"session"' is not assignable to type '"intersect" | "offset" | "as" | "_" | "getSQL" | "union" | "except" | "where" | "orderBy" | "limit" | "toSQL" | "$dynamic" | "having" | "groupBy" | "leftJoin" | "rightJoin" | "innerJoin" | ... 4 more ... | "exceptAll"'.
09:05:25.291 node_modules/drizzle-orm/mysql-core/query-builders/select.d.ts(251,248): error TS2344: Type 'string' does not satisfy the constraint 'keyof this & string'.
09:05:25.291   Type 'string' is not assignable to type 'keyof this & string'.
09:05:25.291     Type 'string' is not assignable to type 'keyof this'.
09:05:25.291       Type '"session"' is not assignable to type '"intersect" | "offset" | "as" | "_" | "getSQL" | "union" | "except" | "where" | "orderBy" | "limit" | "toSQL" | "$dynamic" | "having" | "groupBy" | "leftJoin" | "rightJoin" | "innerJoin" | ... 4 more ... | "exceptAll"'.
09:05:25.291 node_modules/drizzle-orm/mysql-core/query-builders/select.d.ts(292,251): error TS2344: Type 'string' does not satisfy the constraint 'keyof this & string'.
09:05:25.291   Type 'string' is not assignable to type 'keyof this & string'.
09:05:25.291     Type 'string' is not assignable to type 'keyof this'.
09:05:25.291       Type '"session"' is not assignable to type '"intersect" | "offset" | "as" | "_" | "getSQL" | "union" | "except" | "where" | "orderBy" | "limit" | "toSQL" | "$dynamic" | "having" | "groupBy" | "leftJoin" | "rightJoin" | "innerJoin" | ... 4 more ... | "exceptAll"'.
09:05:25.291 node_modules/drizzle-orm/mysql-core/query-builders/select.d.ts(318,245): error TS2344: Type 'string' does not satisfy the constraint 'keyof this & string'.
09:05:25.291   Type 'string' is not assignable to type 'keyof this & string'.
09:05:25.291     Type 'string' is not assignable to type 'keyof this'.
09:05:25.292       Type '"session"' is not assignable to type '"intersect" | "offset" | "as" | "_" | "getSQL" | "union" | "except" | "where" | "orderBy" | "limit" | "toSQL" | "$dynamic" | "having" | "groupBy" | "leftJoin" | "rightJoin" | "innerJoin" | ... 4 more ... | "exceptAll"'.
09:05:25.292 node_modules/drizzle-orm/mysql-core/query-builders/select.d.ts(359,248): error TS2344: Type 'string' does not satisfy the constraint 'keyof this & string'.
09:05:25.292   Type 'string' is not assignable to type 'keyof this & string'.
09:05:25.292     Type 'string' is not assignable to type 'keyof this'.
09:05:25.292       Type '"session"' is not assignable to type '"intersect" | "offset" | "as" | "_" | "getSQL" | "union" | "except" | "where" | "orderBy" | "limit" | "toSQL" | "$dynamic" | "having" | "groupBy" | "leftJoin" | "rightJoin" | "innerJoin" | ... 4 more ... | "exceptAll"'.
09:05:25.292 node_modules/drizzle-orm/mysql-core/query-builders/select.d.ts(511,22): error TS2515: Non-abstract class 'MySqlSelectBase<TTableName, TSelection, TSelectMode, TPreparedQueryHKT, TNullabilityMap, TDynamic, TExcludedMethods, TResult, TSelectedFields>' does not implement inherited abstract member getSQL from class 'MySqlSelectQueryBuilderBase<MySqlSelectHKT, TTableName, TSelection, TSelectMode, TPreparedQueryHKT, TNullabilityMap, TDynamic, TExcludedMethods, TResult, TSelectedFields>'.
09:05:25.292 node_modules/drizzle-orm/mysql-core/query-builders/select.types.d.ts(130,1149): error TS2344: Type 'MySqlSetOperatorExcludedMethods' does not satisfy the constraint '"intersect" | "offset" | "as" | "execute" | "then" | "_" | "getSQL" | "union" | "except" | "where" | "orderBy" | "limit" | "toSQL" | "prepare" | "iterator" | "$dynamic" | "catch" | ... 10 more ... | "exceptAll"'.
09:05:25.292   Type '"session"' is not assignable to type '"intersect" | "offset" | "as" | "execute" | "then" | "_" | "getSQL" | "union" | "except" | "where" | "orderBy" | "limit" | "toSQL" | "prepare" | "iterator" | "$dynamic" | "catch" | ... 10 more ... | "exceptAll"'.
09:05:25.292 node_modules/drizzle-orm/pg-core/query-builders/query.d.ts(23,22): error TS2420: Class 'PgRelationalQuery<TResult>' incorrectly implements interface 'SQLWrapper'.
09:05:25.292   Property 'getSQL' is missing in type 'PgRelationalQuery<TResult>' but required in type 'SQLWrapper'.
09:05:25.292 node_modules/drizzle-orm/pg-core/roles.d.ts(7,22): error TS2559: Type 'PgRole' has no properties in common with type 'PgRoleConfig'.
09:05:25.292 node_modules/drizzle-orm/sqlite-core/query-builders/query.d.ts(25,22): error TS2420: Class 'SQLiteRelationalQuery<TType, TResult>' incorrectly implements interface 'SQLWrapper'.
09:05:25.292   Property 'getSQL' is missing in type 'SQLiteRelationalQuery<TType, TResult>' but required in type 'SQLWrapper'.
09:05:25.292 node_modules/drizzle-orm/sqlite-core/query-builders/select.d.ts(202,247): error TS2344: Type 'string' does not satisfy the constraint 'keyof this & string'.
09:05:25.292   Type 'string' is not assignable to type 'keyof this & string'.
09:05:25.292     Type 'string' is not assignable to type 'keyof this'.
09:05:25.292       Type '"config"' is not assignable to type '"intersect" | "offset" | "as" | "_" | "getSQL" | "union" | "except" | "where" | "orderBy" | "limit" | "toSQL" | "$dynamic" | "having" | "groupBy" | "leftJoin" | "rightJoin" | "innerJoin" | "fullJoin" | "unionAll"'.
09:05:25.292 node_modules/drizzle-orm/sqlite-core/query-builders/select.d.ts(228,250): error TS2344: Type 'string' does not satisfy the constraint 'keyof this & string'.
09:05:25.292   Type 'string' is not assignable to type 'keyof this & string'.
09:05:25.292     Type 'string' is not assignable to type 'keyof this'.
09:05:25.292       Type '"config"' is not assignable to type '"intersect" | "offset" | "as" | "_" | "getSQL" | "union" | "except" | "where" | "orderBy" | "limit" | "toSQL" | "$dynamic" | "having" | "groupBy" | "leftJoin" | "rightJoin" | "innerJoin" | "fullJoin" | "unionAll"'.
09:05:25.292 node_modules/drizzle-orm/sqlite-core/query-builders/select.d.ts(254,251): error TS2344: Type 'string' does not satisfy the constraint 'keyof this & string'.
09:05:25.292   Type 'string' is not assignable to type 'keyof this & string'.
09:05:25.292     Type 'string' is not assignable to type 'keyof this'.
09:05:25.292       Type '"config"' is not assignable to type '"intersect" | "offset" | "as" | "_" | "getSQL" | "union" | "except" | "where" | "orderBy" | "limit" | "toSQL" | "$dynamic" | "having" | "groupBy" | "leftJoin" | "rightJoin" | "innerJoin" | "fullJoin" | "unionAll"'.
09:05:25.292 node_modules/drizzle-orm/sqlite-core/query-builders/select.d.ts(280,248): error TS2344: Type 'string' does not satisfy the constraint 'keyof this & string'.
09:05:25.292   Type 'string' is not assignable to type 'keyof this & string'.
09:05:25.292     Type 'string' is not assignable to type 'keyof this'.
09:05:25.292       Type '"config"' is not assignable to type '"intersect" | "offset" | "as" | "_" | "getSQL" | "union" | "except" | "where" | "orderBy" | "limit" | "toSQL" | "$dynamic" | "having" | "groupBy" | "leftJoin" | "rightJoin" | "innerJoin" | "fullJoin" | "unionAll"'.
09:05:25.292 node_modules/drizzle-orm/sqlite-core/query-builders/select.d.ts(421,22): error TS2515: Non-abstract class 'SQLiteSelectBase<TTableName, TResultType, TRunResult, TSelection, TSelectMode, TNullabilityMap, TDynamic, TExcludedMethods, TResult, TSelectedFields>' does not implement inherited abstract member getSQL from class 'SQLiteSelectQueryBuilderBase<SQLiteSelectHKT, TTableName, TResultType, TRunResult, TSelection, TSelectMode, TNullabilityMap, TDynamic, TExcludedMethods, TResult, TSelectedFields>'.
09:05:25.292 node_modules/drizzle-orm/sqlite-core/query-builders/select.types.d.ts(122,1157): error TS2344: Type 'SQLiteSetOperatorExcludedMethods' does not satisfy the constraint '"all" | "intersect" | "offset" | "values" | "as" | "execute" | "then" | "_" | "getSQL" | "union" | "except" | "where" | "orderBy" | "limit" | "toSQL" | "prepare" | "$dynamic" | "catch" | ... 9 more ... | "get"'.
09:05:25.292   Type '"config"' is not assignable to type '"all" | "intersect" | "offset" | "values" | "as" | "execute" | "then" | "_" | "getSQL" | "union" | "except" | "where" | "orderBy" | "limit" | "toSQL" | "prepare" | "$dynamic" | "catch" | ... 9 more ... | "get"'.
09:05:25.293 server/databaseStorage.ts(303,14): error TS2769: No overload matches this call.
09:05:25.293   Overload 1 of 3, '(left: PgColumn<{ name: "id"; tableName: "tracked_trades"; dataType: "string"; columnType: "PgVarchar"; data: string; driverParam: string; notNull: true; hasDefault: true; isPrimaryKey: true; isAutoincrement: false; ... 4 more ...; generated: undefined; }, {}, {}>, right: string | SQLWrapper): SQL<...>', gave the following error.
09:05:25.293     Argument of type 'number' is not assignable to parameter of type 'string | SQLWrapper'.
09:05:25.293   Overload 2 of 3, '(left: Aliased<number>, right: number | SQLWrapper): SQL<unknown>', gave the following error.
09:05:25.293     Argument of type 'PgColumn<{ name: "id"; tableName: "tracked_trades"; dataType: "string"; columnType: "PgVarchar"; data: string; driverParam: string; notNull: true; hasDefault: true; isPrimaryKey: true; isAutoincrement: false; ... 4 more ...; generated: undefined; }, {}, {}>' is not assignable to parameter of type 'Aliased<number>'.
09:05:25.293       Type 'PgColumn<{ name: "id"; tableName: "tracked_trades"; dataType: "string"; columnType: "PgVarchar"; data: string; driverParam: string; notNull: true; hasDefault: true; isPrimaryKey: true; isAutoincrement: false; ... 4 more ...; generated: undefined; }, {}, {}>' is missing the following properties from type 'Aliased<number>': sql, fieldAlias
09:05:25.293   Overload 3 of 3, '(left: never, right: unknown): SQL<unknown>', gave the following error.
09:05:25.293     Argument of type 'PgColumn<{ name: "id"; tableName: "tracked_trades"; dataType: "string"; columnType: "PgVarchar"; data: string; driverParam: string; notNull: true; hasDefault: true; isPrimaryKey: true; isAutoincrement: false; ... 4 more ...; generated: undefined; }, {}, {}>' is not assignable to parameter of type 'never'.
09:05:25.293 server/databaseStorage.ts(312,14): error TS2769: No overload matches this call.
09:05:25.293   Overload 1 of 3, '(left: PgColumn<{ name: "user_id"; tableName: "push_subscriptions"; dataType: "string"; columnType: "PgVarchar"; data: string; driverParam: string; notNull: false; hasDefault: false; isPrimaryKey: false; ... 5 more ...; generated: undefined; }, {}, {}>, right: string | SQLWrapper): SQL<...>', gave the following error.
09:05:25.293     Argument of type 'number' is not assignable to parameter of type 'string | SQLWrapper'.
09:05:25.293   Overload 2 of 3, '(left: Aliased<number>, right: number | SQLWrapper): SQL<unknown>', gave the following error.
09:05:25.293     Argument of type 'PgColumn<{ name: "user_id"; tableName: "push_subscriptions"; dataType: "string"; columnType: "PgVarchar"; data: string; driverParam: string; notNull: false; hasDefault: false; isPrimaryKey: false; ... 5 more ...; generated: undefined; }, {}, {}>' is not assignable to parameter of type 'Aliased<number>'.
09:05:25.293       Type 'PgColumn<{ name: "user_id"; tableName: "push_subscriptions"; dataType: "string"; columnType: "PgVarchar"; data: string; driverParam: string; notNull: false; hasDefault: false; isPrimaryKey: false; ... 5 more ...; generated: undefined; }, {}, {}>' is missing the following properties from type 'Aliased<number>': sql, fieldAlias
09:05:25.293   Overload 3 of 3, '(left: never, right: unknown): SQL<unknown>', gave the following error.
09:05:25.293     Argument of type 'PgColumn<{ name: "user_id"; tableName: "push_subscriptions"; dataType: "string"; columnType: "PgVarchar"; data: string; driverParam: string; notNull: false; hasDefault: false; isPrimaryKey: false; ... 5 more ...; generated: undefined; }, {}, {}>' is not assignable to parameter of type 'never'.
09:05:25.293 server/databaseStorage.ts(333,14): error TS2769: No overload matches this call.
09:05:25.293   Overload 1 of 3, '(left: PgColumn<{ name: "id"; tableName: "push_subscriptions"; dataType: "string"; columnType: "PgVarchar"; data: string; driverParam: string; notNull: true; hasDefault: true; isPrimaryKey: true; isAutoincrement: false; ... 4 more ...; generated: undefined; }, {}, {}>, right: string | SQLWrapper): SQL<...>', gave the following error.
09:05:25.293     Argument of type 'number' is not assignable to parameter of type 'string | SQLWrapper'.
09:05:25.293   Overload 2 of 3, '(left: Aliased<number>, right: number | SQLWrapper): SQL<unknown>', gave the following error.
09:05:25.293     Argument of type 'PgColumn<{ name: "id"; tableName: "push_subscriptions"; dataType: "string"; columnType: "PgVarchar"; data: string; driverParam: string; notNull: true; hasDefault: true; isPrimaryKey: true; isAutoincrement: false; ... 4 more ...; generated: undefined; }, {}, {}>' is not assignable to parameter of type 'Aliased<number>'.
09:05:25.293       Type 'PgColumn<{ name: "id"; tableName: "push_subscriptions"; dataType: "string"; columnType: "PgVarchar"; data: string; driverParam: string; notNull: true; hasDefault: true; isPrimaryKey: true; isAutoincrement: false; ... 4 more ...; generated: undefined; }, {}, {}>' is missing the following properties from type 'Aliased<number>': sql, fieldAlias
09:05:25.293   Overload 3 of 3, '(left: never, right: unknown): SQL<unknown>', gave the following error.
09:05:25.293     Argument of type 'PgColumn<{ name: "id"; tableName: "push_subscriptions"; dataType: "string"; columnType: "PgVarchar"; data: string; driverParam: string; notNull: true; hasDefault: true; isPrimaryKey: true; isAutoincrement: false; ... 4 more ...; generated: undefined; }, {}, {}>' is not assignable to parameter of type 'never'.
09:05:25.293 server/databaseStorage.ts(454,11): error TS6133: 'result' is declared but its value is never read.
09:05:25.293 server/index.ts(2,63): error TS7016: Could not find a declaration file for module 'express'. '/vercel/path0/node_modules/express/index.js' implicitly has an 'any' type.
09:05:25.293   Try `npm i --save-dev @types/express` if it exists or add a new declaration (.d.ts) file containing `declare module 'express';`
09:05:25.293 server/index.ts(12,10): error TS7006: Parameter 'req' implicitly has an 'any' type.
09:05:25.293 server/index.ts(12,15): error TS7006: Parameter 'res' implicitly has an 'any' type.
09:05:25.293 server/index.ts(12,20): error TS7006: Parameter 'next' implicitly has an 'any' type.
09:05:25.293 server/index.ts(18,24): error TS7006: Parameter 'bodyJson' implicitly has an 'any' type.
09:05:25.293 server/index.ts(18,34): error TS7019: Rest parameter 'args' implicitly has an 'any[]' type.
09:05:25.294 server/index.ts(55,9): error TS6133: 'server' is declared but its value is never read.
09:05:25.294 server/index.ts(57,23): error TS2339: Property 'then' does not exist on type 'void'.
09:05:25.294 server/objectStorage.ts(1,31): error TS2307: Cannot find module '@google-cloud/storage' or its corresponding type declarations.
09:05:25.294 server/objectStorage.ts(2,26): error TS7016: Could not find a declaration file for module 'express'. '/vercel/path0/node_modules/express/index.js' implicitly has an 'any' type.
09:05:25.294   Try `npm i --save-dev @types/express` if it exists or add a new declaration (.d.ts) file containing `declare module 'express';`
09:05:25.294 server/objectStorage.ts(141,27): error TS7006: Parameter 'err' implicitly has an 'any' type.
09:05:25.294 server/pdfService.ts(1,23): error TS2307: Cannot find module 'puppeteer' or its corresponding type declarations.
09:05:25.294 server/routes.ts(1,30): error TS7016: Could not find a declaration file for module 'express'. '/vercel/path0/node_modules/express/index.js' implicitly has an 'any' type.
09:05:25.294   Try `npm i --save-dev @types/express` if it exists or add a new declaration (.d.ts) file containing `declare module 'express';`
09:05:25.294 server/routes.ts(2,29): error TS6133: 'Server' is declared but its value is never read.
09:05:25.294 server/routes.ts(3,20): error TS6133: 'execSync' is declared but its value is never read.
09:05:25.294 server/routes.ts(7,23): error TS2307: Cannot find module 'ws' or its corresponding type declarations.
09:05:25.294 server/routes.ts(115,19): error TS7006: Parameter 'error' implicitly has an 'any' type.
09:05:25.294 server/routes.ts(219,19): error TS7006: Parameter 'error' implicitly has an 'any' type.
09:05:25.294 server/routes.ts(307,55): error TS7006: Parameter 'req' implicitly has an 'any' type.
09:05:25.294 server/routes.ts(307,60): error TS7006: Parameter 'res' implicitly has an 'any' type.
09:05:25.294 server/routes.ts(389,56): error TS7006: Parameter 'req' implicitly has an 'any' type.
09:05:25.294 server/routes.ts(389,61): error TS7006: Parameter 'res' implicitly has an 'any' type.
09:05:25.294 server/routes.ts(490,10): error TS2304: Cannot find name 'res'.
09:05:25.294 server/routes.ts(493,51): error TS7006: Parameter 'req' implicitly has an 'any' type.
09:05:25.294 server/routes.ts(493,56): error TS7006: Parameter 'res' implicitly has an 'any' type.
09:05:25.294 server/routes.ts(635,13): error TS6133: 'currentBand' is declared but its value is never read.
09:05:25.294 server/routes.ts(659,34): error TS6133: 'rank' is declared but its value is never read.
09:05:25.294 server/routes.ts(716,52): error TS6133: 'idx' is declared but its value is never read.
09:05:25.294 server/routes.ts(740,23): error TS6133: 'askRatio' is declared but its value is never read.
09:05:25.294 server/routes.ts(802,64): error TS7006: Parameter 'req' implicitly has an 'any' type.
09:05:25.294 server/routes.ts(802,69): error TS7006: Parameter 'res' implicitly has an 'any' type.
09:05:25.294 server/routes.ts(885,53): error TS7006: Parameter 'req' implicitly has an 'any' type.
09:05:25.294 server/routes.ts(885,58): error TS7006: Parameter 'res' implicitly has an 'any' type.
09:05:25.294 server/routes.ts(970,47): error TS7006: Parameter 'req' implicitly has an 'any' type.
09:05:25.294 server/routes.ts(970,52): error TS7006: Parameter 'res' implicitly has an 'any' type.
09:05:25.294 server/routes.ts(1002,33): error TS6133: 'high' is declared but its value is never read.
09:05:25.294 server/routes.ts(1002,39): error TS6133: 'low' is declared but its value is never read.
09:05:25.294 server/routes.ts(1041,57): error TS7006: Parameter 'req' implicitly has an 'any' type.
09:05:25.295 server/routes.ts(1041,62): error TS7006: Parameter 'res' implicitly has an 'any' type.
09:05:25.295 server/routes.ts(1127,56): error TS7006: Parameter 'req' implicitly has an 'any' type.
09:05:25.295 server/routes.ts(1127,61): error TS7006: Parameter 'res' implicitly has an 'any' type.
09:05:25.295 server/routes.ts(1211,60): error TS7006: Parameter 'req' implicitly has an 'any' type.
09:05:25.295 server/routes.ts(1211,65): error TS7006: Parameter 'res' implicitly has an 'any' type.
09:05:25.295 server/routes.ts(1293,56): error TS7006: Parameter 'req' implicitly has an 'any' type.
09:05:25.295 server/routes.ts(1293,61): error TS7006: Parameter 'res' implicitly has an 'any' type.
09:05:25.295 server/routes.ts(1331,74): error TS7006: Parameter 'req' implicitly has an 'any' type.
09:05:25.295 server/routes.ts(1331,79): error TS7006: Parameter 'res' implicitly has an 'any' type.
09:05:25.295 server/routes.ts(1373,49): error TS7006: Parameter 'req' implicitly has an 'any' type.
09:05:25.295 server/routes.ts(1373,54): error TS7006: Parameter 'res' implicitly has an 'any' type.
09:05:25.295 server/routes.ts(1390,38): error TS7006: Parameter 'req' implicitly has an 'any' type.
09:05:25.295 server/routes.ts(1390,43): error TS7006: Parameter 'res' implicitly has an 'any' type.
09:05:25.295 server/routes.ts(1463,42): error TS7006: Parameter 'req' implicitly has an 'any' type.
09:05:25.295 server/routes.ts(1463,47): error TS7006: Parameter 'res' implicitly has an 'any' type.
09:05:25.295 server/routes.ts(1537,39): error TS7006: Parameter 'req' implicitly has an 'any' type.
09:05:25.295 server/routes.ts(1537,44): error TS7006: Parameter 'res' implicitly has an 'any' type.
09:05:25.295 server/routes.ts(1610,43): error TS7006: Parameter 'req' implicitly has an 'any' type.
09:05:25.295 server/routes.ts(1610,48): error TS7006: Parameter 'res' implicitly has an 'any' type.
09:05:25.295 server/routes.ts(1689,50): error TS7006: Parameter 'req' implicitly has an 'any' type.
09:05:25.295 server/routes.ts(1689,55): error TS7006: Parameter 'res' implicitly has an 'any' type.
09:05:25.295 server/routes.ts(1780,43): error TS7006: Parameter 'req' implicitly has an 'any' type.
09:05:25.295 server/routes.ts(1780,48): error TS7006: Parameter 'res' implicitly has an 'any' type.
09:05:25.295 server/routes.ts(1865,58): error TS7006: Parameter 'req' implicitly has an 'any' type.
09:05:25.295 server/routes.ts(1865,63): error TS7006: Parameter 'res' implicitly has an 'any' type.
09:05:25.295 server/routes.ts(1948,48): error TS7006: Parameter 'req' implicitly has an 'any' type.
09:05:25.295 server/routes.ts(1948,53): error TS7006: Parameter 'res' implicitly has an 'any' type.
09:05:25.295 server/routes.ts(2078,49): error TS7006: Parameter 'req' implicitly has an 'any' type.
09:05:25.295 server/routes.ts(2078,54): error TS7006: Parameter 'res' implicitly has an 'any' type.
09:05:25.295 server/routes.ts(2156,61): error TS6133: 'price' is declared but its value is never read.
09:05:25.295 server/routes.ts(2214,37): error TS7006: Parameter 'req' implicitly has an 'any' type.
09:05:25.295 server/routes.ts(2214,42): error TS7006: Parameter 'res' implicitly has an 'any' type.
09:05:25.295 server/routes.ts(2290,47): error TS6133: 'req' is declared but its value is never read.
09:05:25.295 server/routes.ts(2290,57): error TS7006: Parameter 'res' implicitly has an 'any' type.
09:05:25.295 server/routes.ts(2294,46): error TS6133: 'req' is declared but its value is never read.
09:05:25.295 server/routes.ts(2294,56): error TS7006: Parameter 'res' implicitly has an 'any' type.
09:05:25.295 server/routes.ts(2298,47): error TS6133: 'req' is declared but its value is never read.
09:05:25.296 server/routes.ts(2298,57): error TS7006: Parameter 'res' implicitly has an 'any' type.
09:05:25.296 server/routes.ts(2302,48): error TS6133: 'req' is declared but its value is never read.
09:05:25.296 server/routes.ts(2302,58): error TS7006: Parameter 'res' implicitly has an 'any' type.
09:05:25.296 server/routes.ts(2306,45): error TS6133: 'req' is declared but its value is never read.
09:05:25.296 server/routes.ts(2306,55): error TS7006: Parameter 'res' implicitly has an 'any' type.
09:05:25.296 server/routes.ts(2310,42): error TS6133: 'req' is declared but its value is never read.
09:05:25.296 server/routes.ts(2310,42): error TS7006: Parameter 'req' implicitly has an 'any' type.
09:05:25.296 server/routes.ts(2310,47): error TS7006: Parameter 'res' implicitly has an 'any' type.
09:05:25.296 server/routes.ts(2315,70): error TS7006: Parameter 'res' implicitly has an 'any' type.
09:05:25.296 server/routes.ts(2364,71): error TS7006: Parameter 'res' implicitly has an 'any' type.
09:05:25.296 server/routes.ts(2423,82): error TS7006: Parameter 'res' implicitly has an 'any' type.
09:05:25.296 server/routes.ts(2468,76): error TS7006: Parameter 'res' implicitly has an 'any' type.
09:05:25.296 server/routes.ts(2520,56): error TS2345: Argument of type '{ userId: string; companyName: string; logoUrl: string; }' is not assignable to parameter of type '{ userId: string; companyName: string; primaryColor: string; secondaryColor: string; isActive: boolean; engineerName?: string | null | undefined; companyAddress?: string | null | undefined; ... 7 more ...; engineerSignatureUrl?: string | ... 1 more ... | undefined; }'.
09:05:25.296   Type '{ userId: string; companyName: string; logoUrl: string; }' is missing the following properties from type '{ userId: string; companyName: string; primaryColor: string; secondaryColor: string; isActive: boolean; engineerName?: string | null | undefined; companyAddress?: string | null | undefined; ... 7 more ...; engineerSignatureUrl?: string | ... 1 more ... | undefined; }': primaryColor, secondaryColor, isActive
09:05:25.296 server/routes.ts(2526,56): error TS2345: Argument of type '{ userId: string; logoUrl: string; id: string; engineerName: string | null; createdAt: Date | null; updatedAt: Date | null; companyName: string; companyAddress: string | null; ... 9 more ...; isActive: boolean | null; }' is not assignable to parameter of type '{ userId: string; companyName: string; primaryColor: string; secondaryColor: string; isActive: boolean; engineerName?: string | null | undefined; companyAddress?: string | null | undefined; ... 7 more ...; engineerSignatureUrl?: string | ... 1 more ... | undefined; }'.
09:05:25.296   Types of property 'primaryColor' are incompatible.
09:05:25.296     Type 'string | null' is not assignable to type 'string'.
09:05:25.296       Type 'null' is not assignable to type 'string'.
09:05:25.297 server/routes.ts(2541,71): error TS7006: Parameter 'res' implicitly has an 'any' type.
09:05:25.297 server/routes.ts(2550,36): error TS2307: Cannot find module 'multer' or its corresponding type declarations.
09:05:25.297 server/routes.ts(2582,73): error TS7006: Parameter 'res' implicitly has an 'any' type.
09:05:25.297 server/routes.ts(2615,44): error TS7006: Parameter 'req' implicitly has an 'any' type.
09:05:25.297 server/routes.ts(2615,49): error TS7006: Parameter 'res' implicitly has an 'any' type.
09:05:25.297 server/routes.ts(2617,37): error TS6133: 'ObjectNotFoundError' is declared but its value is never read.
09:05:25.297 server/routes.ts(2631,96): error TS7006: Parameter 'res' implicitly has an 'any' type.
09:05:25.297 server/routes.ts(2790,116): error TS7006: Parameter 'res' implicitly has an 'any' type.
09:05:25.297 server/routes.ts(2851,116): error TS7006: Parameter 'res' implicitly has an 'any' type.
09:05:25.297 server/routes.ts(2903,36): error TS7006: Parameter 'req' implicitly has an 'any' type.
09:05:25.297 server/routes.ts(2903,41): error TS7006: Parameter 'res' implicitly has an 'any' type.
09:05:25.297 server/routes.ts(2920,35): error TS6133: 'req' is declared but its value is never read.
09:05:25.297 server/routes.ts(2920,35): error TS7006: Parameter 'req' implicitly has an 'any' type.
09:05:25.297 server/routes.ts(2920,40): error TS7006: Parameter 'res' implicitly has an 'any' type.
09:05:25.297 server/routes.ts(2931,50): error TS7006: Parameter 'req' implicitly has an 'any' type.
09:05:25.297 server/routes.ts(2931,55): error TS7006: Parameter 'res' implicitly has an 'any' type.
09:05:25.297 server/routes.ts(3052,52): error TS7006: Parameter 'req' implicitly has an 'any' type.
09:05:25.297 server/routes.ts(3052,57): error TS7006: Parameter 'res' implicitly has an 'any' type.
09:05:25.297 server/routes.ts(3321,44): error TS7006: Parameter 'req' implicitly has an 'any' type.
09:05:25.298 server/routes.ts(3321,49): error TS7006: Parameter 'res' implicitly has an 'any' type.
09:05:25.298 server/routes.ts(3367,22): error TS6133: 'eq' is declared but its value is never read.
09:05:25.298 server/routes.ts(3377,34): error TS7016: Could not find a declaration file for module 'web-push'. '/vercel/path0/node_modules/web-push/src/index.js' implicitly has an 'any' type.
09:05:25.298   Try `npm i --save-dev @types/web-push` if it exists or add a new declaration (.d.ts) file containing `declare module 'web-push';`
09:05:25.298 server/routes.ts(3469,65): error TS7006: Parameter 'req' implicitly has an 'any' type.
09:05:25.298 server/routes.ts(3469,70): error TS7006: Parameter 'res' implicitly has an 'any' type.
09:05:25.298 server/routes.ts(3474,80): error TS2554: Expected 0 arguments, but got 1.
09:05:25.298 server/routes.ts(3475,59): error TS2554: Expected 0 arguments, but got 1.
09:05:25.298 server/routes.ts(3477,74): error TS2554: Expected 0 arguments, but got 1.
09:05:25.298 server/routes.ts(3496,68): error TS7006: Parameter 'req' implicitly has an 'any' type.
09:05:25.298 server/routes.ts(3496,73): error TS7006: Parameter 'res' implicitly has an 'any' type.
09:05:25.298 server/routes.ts(3506,59): error TS2554: Expected 0 arguments, but got 1.
09:05:25.298 server/routes.ts(3507,74): error TS2554: Expected 0 arguments, but got 1.
09:05:25.299 server/routes.ts(3521,70): error TS7006: Parameter 'req' implicitly has an 'any' type.
09:05:25.299 server/routes.ts(3521,75): error TS7006: Parameter 'res' implicitly has an 'any' type.
09:05:25.299 server/routes.ts(3534,73): error TS2554: Expected 0 arguments, but got 2.
09:05:25.299 server/routes.ts(3588,68): error TS7006: Parameter 'req' implicitly has an 'any' type.
09:05:25.299 server/routes.ts(3588,73): error TS7006: Parameter 'res' implicitly has an 'any' type.
09:05:25.299 server/routes.ts(3601,73): error TS2554: Expected 0 arguments, but got 2.
09:05:25.299 server/routes.ts(3610,72): error TS2554: Expected 0 arguments, but got 1.
09:05:25.299 server/routes.ts(3680,74): error TS2554: Expected 0 arguments, but got 1.
09:05:25.299 server/routes.ts(3685,36): error TS2339: Property 'hasUnlimitedCredits' does not exist on type '{ tier: string; subscriptionStatus: string; aiCredits: number; aiCreditsLimit: number; renewalDate: null; }'.
09:05:25.299 server/routes.ts(3695,49): error TS6133: 'req' is declared but its value is never read.
09:05:25.299 server/routes.ts(3695,49): error TS7006: Parameter 'req' implicitly has an 'any' type.
09:05:25.299 server/routes.ts(3695,54): error TS7006: Parameter 'res' implicitly has an 'any' type.
09:05:25.299 server/routes.ts(3703,50): error TS6133: 'req' is declared but its value is never read.
09:05:25.299 server/routes.ts(3703,50): error TS7006: Parameter 'req' implicitly has an 'any' type.
09:05:25.299 server/routes.ts(3703,55): error TS7006: Parameter 'res' implicitly has an 'any' type.
09:05:25.299 server/routes.ts(3712,64): error TS7006: Parameter 'req' implicitly has an 'any' type.
09:05:25.299 server/routes.ts(3712,69): error TS7006: Parameter 'res' implicitly has an 'any' type.
09:05:25.299 server/routes.ts(3716,80): error TS2554: Expected 0 arguments, but got 1.
09:05:25.299 server/routes.ts(3720,40): error TS2339: Property 'selectedTickers' does not exist on type '{ tier: string; subscriptionStatus: string; aiCredits: number; }'.
09:05:25.303 server/routes.ts(3721,36): error TS2339: Property 'alertGrades' does not exist on type '{ tier: string; subscriptionStatus: string; aiCredits: number; }'.
09:05:25.303 server/routes.ts(3722,40): error TS2339: Property 'alertTimeframes' does not exist on type '{ tier: string; subscriptionStatus: string; aiCredits: number; }'.
09:05:25.303 server/routes.ts(3723,35): error TS2339: Property 'alertTypes' does not exist on type '{ tier: string; subscriptionStatus: string; aiCredits: number; }'.
09:05:25.303 server/routes.ts(3724,38): error TS2339: Property 'alertsEnabled' does not exist on type '{ tier: string; subscriptionStatus: string; aiCredits: number; }'.
09:05:25.303 server/routes.ts(3725,41): error TS2339: Property 'pushSubscription' does not exist on type '{ tier: string; subscriptionStatus: string; aiCredits: number; }'.
09:05:25.303 server/routes.ts(3735,65): error TS7006: Parameter 'req' implicitly has an 'any' type.
09:05:25.303 server/routes.ts(3735,70): error TS7006: Parameter 'res' implicitly has an 'any' type.
09:05:25.303 server/routes.ts(3741,80): error TS2554: Expected 0 arguments, but got 1.
09:05:25.303 server/routes.ts(3857,68): error TS7006: Parameter 'req' implicitly has an 'any' type.
09:05:25.303 server/routes.ts(3857,73): error TS7006: Parameter 'res' implicitly has an 'any' type.
09:05:25.303 server/routes.ts(3909,67): error TS7006: Parameter 'req' implicitly has an 'any' type.
09:05:25.303 server/routes.ts(3909,72): error TS7006: Parameter 'res' implicitly has an 'any' type.
09:05:25.303 server/routes.ts(3928,75): error TS7006: Parameter 'req' implicitly has an 'any' type.
09:05:25.303 server/routes.ts(3928,80): error TS7006: Parameter 'res' implicitly has an 'any' type.
09:05:25.303 server/routes.ts(3951,73): error TS7006: Parameter 'req' implicitly has an 'any' type.
09:05:25.303 server/routes.ts(3951,78): error TS7006: Parameter 'res' implicitly has an 'any' type.
09:05:25.303 server/routes.ts(3988,74): error TS7006: Parameter 'req' implicitly has an 'any' type.
09:05:25.303 server/routes.ts(3988,79): error TS7006: Parameter 'res' implicitly has an 'any' type.
09:05:25.303 server/routes.ts(4016,84): error TS7006: Parameter 'req' implicitly has an 'any' type.
09:05:25.303 server/routes.ts(4016,89): error TS7006: Parameter 'res' implicitly has an 'any' type.
09:05:25.303 server/routes.ts(4023,28): error TS6133: 'inArray' is declared but its value is never read.
09:05:25.303 server/routes.ts(4046,49): error TS6133: 'req' is declared but its value is never read.
09:05:25.304 server/routes.ts(4046,49): error TS7006: Parameter 'req' implicitly has an 'any' type.
09:05:25.304 server/routes.ts(4046,54): error TS7006: Parameter 'res' implicitly has an 'any' type.
09:05:25.304 server/routes.ts(4051,41): error TS7006: Parameter 'req' implicitly has an 'any' type.
09:05:25.304 server/routes.ts(4051,46): error TS7006: Parameter 'res' implicitly has an 'any' type.
09:05:25.304 server/routes.ts(4086,90): error TS7006: Parameter 'req' implicitly has an 'any' type.
09:05:25.304 server/routes.ts(4086,95): error TS7006: Parameter 'res' implicitly has an 'any' type.
09:05:25.304 server/routes.ts(4109,91): error TS7006: Parameter 'req' implicitly has an 'any' type.
09:05:25.304 server/routes.ts(4109,96): error TS7006: Parameter 'res' implicitly has an 'any' type.
09:05:25.304 server/routes.ts(4125,9): error TS2353: Object literal may only specify known properties, and 'isComplete' does not exist in type '{ symbol: string; points: { label: string; time: number; price: number; index: number; isCorrection: boolean; }[]; userId: string; timeframe: string; degree: string; patternType: string; fibMode: string; ... 4 more ...; metadata?: any; }'.
09:05:25.304 server/routes.ts(4139,96): error TS7006: Parameter 'req' implicitly has an 'any' type.
09:05:25.304 server/routes.ts(4139,101): error TS7006: Parameter 'res' implicitly has an 'any' type.
09:05:25.304 server/routes.ts(4144,32): error TS6133: 'getWaveLabels' is declared but its value is never read.
09:05:25.304 server/routes.ts(4167,97): error TS7006: Parameter 'req' implicitly has an 'any' type.
09:05:25.304 server/routes.ts(4167,102): error TS7006: Parameter 'res' implicitly has an 'any' type.
09:05:25.304 server/routes.ts(4193,112): error TS7006: Parameter 'req' implicitly has an 'any' type.
09:05:25.304 server/routes.ts(4193,117): error TS7006: Parameter 'res' implicitly has an 'any' type.
09:05:25.304 server/routes.ts(4208,92): error TS7006: Parameter 'req' implicitly has an 'any' type.
09:05:25.304 server/routes.ts(4208,97): error TS7006: Parameter 'res' implicitly has an 'any' type.
09:05:25.304 server/routes.ts(4227,97): error TS7006: Parameter 'req' implicitly has an 'any' type.
09:05:25.304 server/routes.ts(4227,102): error TS7006: Parameter 'res' implicitly has an 'any' type.
09:05:25.304 server/routes.ts(4267,95): error TS7006: Parameter 'req' implicitly has an 'any' type.
09:05:25.304 server/routes.ts(4267,100): error TS7006: Parameter 'res' implicitly has an 'any' type.
09:05:25.304 server/routes.ts(4305,93): error TS7006: Parameter 'req' implicitly has an 'any' type.
09:05:25.304 server/routes.ts(4305,98): error TS7006: Parameter 'res' implicitly has an 'any' type.
09:05:25.304 server/routes.ts(4307,36): error TS6133: 'isLeading' is declared but its value is never read.
09:05:25.304 server/routes.ts(4343,54): error TS6133: 'req' is declared but its value is never read.
09:05:25.304 server/routes.ts(4343,54): error TS7006: Parameter 'req' implicitly has an 'any' type.
09:05:25.304 server/routes.ts(4343,59): error TS7006: Parameter 'res' implicitly has an 'any' type.
09:05:25.304 server/routes.ts(4354,87): error TS7006: Parameter 'req' implicitly has an 'any' type.
09:05:25.304 server/routes.ts(4354,92): error TS7006: Parameter 'res' implicitly has an 'any' type.
09:05:25.304 server/routes.ts(4384,75): error TS7006: Parameter 'req' implicitly has an 'any' type.
09:05:25.304 server/routes.ts(4384,80): error TS7006: Parameter 'res' implicitly has an 'any' type.
09:05:25.304 server/routes.ts(4412,35): error TS1308: 'await' expressions are only allowed within async functions and at the top levels of modules.
09:05:25.304 server/routes.ts(4416,3): error TS2322: Type 'Server<typeof IncomingMessage, typeof ServerResponse>' is not assignable to type 'void'.
09:05:25.304 server/services/binanceOrderflow.ts(1,23): error TS2307: Cannot find module 'ws' or its corresponding type declarations.
09:05:25.304 server/services/binanceOrderflow.ts(129,26): error TS7006: Parameter 'error' implicitly has an 'any' type.
09:05:25.304 server/services/calculationService.ts(1,35): error TS6196: 'CalculationResult' is declared but never used.
09:05:25.305 server/services/elliottWaveService.ts(259,7): error TS6133: 'IDEAL_FIB_RATIOS' is declared but its value is never read.
09:05:25.305 server/services/elliottWaveService.ts(819,10): error TS6133: 'ratioQuality' is declared but its value is never read.
09:05:25.305 server/services/elliottWaveService.ts(902,48): error TS6133: 'candles' is declared but its value is never read.
09:05:25.305 server/services/elliottWaveService.ts(911,9): error TS6133: 'isUptrend' is declared but its value is never read.
09:05:25.305 server/services/elliottWaveService.ts(949,51): error TS6133: 'candles' is declared but its value is never read.
09:05:25.305 server/services/grokElliottWaveService.ts(52,10): error TS6133: 'extractPivotsFromData' is declared but its value is never read.
09:05:25.305 server/services/grokElliottWaveService.ts(77,9): error TS6133: 'firstHigh' is declared but its value is never read.
09:05:25.305 server/services/grokElliottWaveService.ts(78,9): error TS6133: 'firstLow' is declared but its value is never read.
09:05:25.305 server/services/grokElliottWaveService.ts(79,9): error TS6133: 'midHigh' is declared but its value is never read.
09:05:25.305 server/services/grokElliottWaveService.ts(80,9): error TS6133: 'midLow' is declared but its value is never read.
09:05:25.305 server/services/grokElliottWaveService.ts(135,16): error TS6133: 'detectPivots' is declared but its value is never read.
09:05:25.305 server/services/grokElliottWaveService.ts(135,49): error TS6133: 'timeoutMs' is declared but its value is never read.
09:05:25.305 server/services/grokElliottWaveService.ts(241,7): error TS6133: 'ELLIOTT_WAVE_SYSTEM_PROMPT' is declared but its value is never read.
09:05:25.305 server/services/grokElliottWaveService.ts(284,3): error TS6133: 'degreeContext' is declared but its value is never read.
09:05:25.305 server/services/grokElliottWaveService.ts(285,3): error TS6133: 'visibleRange' is declared but its value is never read.
09:05:25.305 server/services/grokElliottWaveService.ts(298,21): error TS18047: 'match' is possibly 'null'.
09:05:25.305 server/services/grokElliottWaveService.ts(299,23): error TS18047: 'match' is possibly 'null'.
09:05:25.305 server/services/grokElliottWaveService.ts(300,23): error TS18047: 'match' is possibly 'null'.
09:05:25.305 server/services/grokElliottWaveService.ts(326,37): error TS18047: 'base64Image' is possibly 'null'.
09:05:25.305 server/services/grokElliottWaveService.ts(344,50): error TS18047: 'base64Image' is possibly 'null'.
09:05:25.305 server/services/grokElliottWaveService.ts(367,33): error TS18047: 'jsonMatch' is possibly 'null'.
09:05:25.305 server/services/grokElliottWaveService.ts(373,38): error TS18048: 'analysis.validations' is possibly 'undefined'.
09:05:25.305 server/services/grokElliottWaveService.ts(451,21): error TS18047: 'jsonMatch' is possibly 'null'.
09:05:25.305 server/services/historicalDataService.ts(2,36): error TS6196: 'CachedCandles' is declared but never used.
09:05:25.305 server/services/priceMonitorService.ts(2,21): error TS7016: Could not find a declaration file for module 'web-push'. '/vercel/path0/node_modules/web-push/src/index.js' implicitly has an 'any' type.
09:05:25.305   Try `npm i --save-dev @types/web-push` if it exists or add a new declaration (.d.ts) file containing `declare module 'web-push';`
09:05:25.305 server/storage.ts(138,30): error TS2352: Conversion of type '{ id: `${string}-${string}-${string}-${string}-${string}`; maxOperatingPressure: string | null; maxIncidentalPressure: string | null; gasType: string; operationType: string; purgeMethod: string | null; ... 30 more ...; actualGasContent?: number | undefined; }' to type '{ id: string; reference: string; engineerName: string; installationType: string; maxOperatingPressure: string | null; maxIncidentalPressure: string | null; gasType: string; operationType: string; ... 18 more ...; updatedAt: Date | null; }' may be a mistake because neither type sufficiently overlaps with the other. If this was intentional, convert the expression to 'unknown' first.
09:05:25.305   Types of property 'roomVolume' are incompatible.
09:05:25.305     Type 'number | undefined' is not comparable to type 'string | null'.
09:05:25.305       Type 'number' is not comparable to type 'string'.
09:05:25.305 server/storage.ts(151,38): error TS2339: Property 'maxPressureDrop' does not exist on type '{ reference: string; engineerName: string; installationType: string; gasType: string; operationType: string; maxOperatingPressure?: number | undefined; maxIncidentalPressure?: number | undefined; ... 16 more ...; purgeResult?: string | ... 1 more ... | undefined; }'.
09:05:25.305 server/storage.ts(155,38): error TS2339: Property 'complianceNotes' does not exist on type '{ reference: string; engineerName: string; installationType: string; gasType: string; operationType: string; maxOperatingPressure?: number | undefined; maxIncidentalPressure?: number | undefined; ... 16 more ...; purgeResult?: string | ... 1 more ... | undefined; }'.
09:05:25.305 server/storage.ts(156,34): error TS2339: Property 'isCompliant' does not exist on type '{ reference: string; engineerName: string; installationType: string; gasType: string; operationType: string; maxOperatingPressure?: number | undefined; maxIncidentalPressure?: number | undefined; ... 16 more ...; purgeResult?: string | ... 1 more ... | undefined; }'.
09:05:25.305 server/storage.ts(157,40): error TS2339: Property 'totalSystemVolume' does not exist on type '{ reference: string; engineerName: string; installationType: string; gasType: string; operationType: string; maxOperatingPressure?: number | undefined; maxIncidentalPressure?: number | undefined; ... 16 more ...; purgeResult?: string | ... 1 more ... | undefined; }'.
09:05:25.305 server/storage.ts(158,38): error TS2339: Property 'totalPipeLength' does not exist on type '{ reference: string; engineerName: string; installationType: string; gasType: string; operationType: string; maxOperatingPressure?: number | undefined; maxIncidentalPressure?: number | undefined; ... 16 more ...; purgeResult?: string | ... 1 more ... | undefined; }'.
09:05:25.306 server/storage.ts(159,39): error TS2339: Property 'totalPurgeVolume' does not exist on type '{ reference: string; engineerName: string; installationType: string; gasType: string; operationType: string; maxOperatingPressure?: number | undefined; maxIncidentalPressure?: number | undefined; ... 16 more ...; purgeResult?: string | ... 1 more ... | undefined; }'.
09:05:25.306 server/storage.ts(160,40): error TS2339: Property 'directPurgeVolume' does not exist on type '{ reference: string; engineerName: string; installationType: string; gasType: string; operationType: string; maxOperatingPressure?: number | undefined; maxIncidentalPressure?: number | undefined; ... 16 more ...; purgeResult?: string | ... 1 more ... | undefined; }'.
09:05:25.306 server/storage.ts(161,34): error TS2339: Property 'letByVolume' does not exist on type '{ reference: string; engineerName: string; installationType: string; gasType: string; operationType: string; maxOperatingPressure?: number | undefined; maxIncidentalPressure?: number | undefined; ... 16 more ...; purgeResult?: string | ... 1 more ... | undefined; }'.
09:05:25.306 server/storage.ts(162,32): error TS2339: Property 'purgeRate' does not exist on type '{ reference: string; engineerName: string; installationType: string; gasType: string; operationType: string; maxOperatingPressure?: number | undefined; maxIncidentalPressure?: number | undefined; ... 16 more ...; purgeResult?: string | ... 1 more ... | undefined; }'.
09:05:25.306 server/storage.ts(163,32): error TS2339: Property 'purgeTime' does not exist on type '{ reference: string; engineerName: string; installationType: string; gasType: string; operationType: string; maxOperatingPressure?: number | undefined; maxIncidentalPressure?: number | undefined; ... 16 more ...; purgeResult?: string | ... 1 more ... | undefined; }'.
09:05:25.306 server/storage.ts(180,11): error TS2322: Type '{ updatedAt: Date; reference: string; engineerName: string; installationType: string; gasType: string; operationType: string; maxOperatingPressure: string | number | null; maxIncidentalPressure: string | ... 1 more ... | null; ... 18 more ...; createdAt: Date | null; }' is not assignable to type '{ id: string; reference: string; engineerName: string; installationType: string; maxOperatingPressure: string | null; maxIncidentalPressure: string | null; gasType: string; operationType: string; ... 18 more ...; updatedAt: Date | null; }'.
09:05:25.306   Types of property 'maxOperatingPressure' are incompatible.
09:05:25.306     Type 'string | number | null' is not assignable to type 'string | null'.
09:05:25.306       Type 'number' is not assignable to type 'string'.
09:05:25.306 server/storage.ts(263,7): error TS2322: Type 'string | number | null' is not assignable to type 'string | null'.
09:05:25.306   Type 'number' is not assignable to type 'string'.
09:05:25.306 server/storage.ts(265,7): error TS2322: Type 'string | number | null' is not assignable to type 'string | null'.
09:05:25.306   Type 'number' is not assignable to type 'string'.
09:05:25.306 server/storage.ts(266,7): error TS2322: Type 'string | number | null' is not assignable to type 'string | null'.
09:05:25.306   Type 'number' is not assignable to type 'string'.
09:05:25.307 server/storage.ts(298,11): error TS2322: Type '{ createdAt: Date; updatedAt: Date; userId: string; companyName: string; primaryColor: string; secondaryColor: string; isActive: boolean; engineerName?: string | null | undefined; ... 9 more ...; id: string; }' is not assignable to type '{ id: string; engineerName: string | null; createdAt: Date | null; updatedAt: Date | null; userId: string; companyName: string; companyAddress: string | null; companyPhone: string | null; ... 9 more ...; isActive: boolean | null; }'.
09:05:25.307   Types of property 'engineerName' are incompatible.
09:05:25.307     Type 'string | null | undefined' is not assignable to type 'string | null'.
09:05:25.307       Type 'undefined' is not assignable to type 'string | null'.
09:05:25.307 server/storage.ts(340,32): error TS6133: 'label' is declared but its value is never read.
09:05:25.307 server/storage.ts(344,30): error TS6133: 'userId' is declared but its value is never read.
09:05:25.307 server/storage.ts(344,46): error TS6133: 'symbol' is declared but its value is never read.
09:05:25.307 server/storage.ts(344,62): error TS6133: 'timeframe' is declared but its value is never read.
09:05:25.307 server/storage.ts(348,29): error TS6133: 'id' is declared but its value is never read.
09:05:25.307 server/storage.ts(352,32): error TS6133: 'id' is declared but its value is never read.
09:05:25.307 server/storage.ts(352,44): error TS6133: 'label' is declared but its value is never read.
09:05:25.307 server/storage.ts(356,32): error TS6133: 'id' is declared but its value is never read.
09:05:25.307 server/storage.ts(360,54): error TS6133: 'userId' is declared but its value is never read.
09:05:25.307 server/storage.ts(360,70): error TS6133: 'symbol' is declared but its value is never read.
09:05:25.307 server/storage.ts(360,86): error TS6133: 'timeframe' is declared but its value is never read.
09:05:25.307 server/storage.ts(365,26): error TS6133: 'symbol' is declared but its value is never read.
09:05:25.307 server/storage.ts(365,42): error TS6133: 'timeframe' is declared but its value is never read.
09:05:25.307 server/storage.ts(369,29): error TS6133: 'candles' is declared but its value is never read.
09:05:25.307 server/vite.ts(1,39): error TS7016: Could not find a declaration file for module 'express'. '/vercel/path0/node_modules/express/index.js' implicitly has an 'any' type.
09:05:25.307   Try `npm i --save-dev @types/express` if it exists or add a new declaration (.d.ts) file containing `declare module 'express';`
09:05:25.307 server/vite.ts(6,24): error TS6307: File '/vercel/path0/vite.config.ts' is not listed within the file list of project '/vercel/path0/tsconfig.json'. Projects must list all files or use an 'include' pattern.
09:05:25.307 server/vite.ts(44,23): error TS7006: Parameter 'req' implicitly has an 'any' type.
09:05:25.307 server/vite.ts(44,28): error TS7006: Parameter 'res' implicitly has an 'any' type.
09:05:25.307 server/vite.ts(44,33): error TS7006: Parameter 'next' implicitly has an 'any' type.
09:05:25.307 server/vite.ts(82,17): error TS7006: Parameter '_req' implicitly has an 'any' type.
09:05:25.307 server/vite.ts(82,23): error TS7006: Parameter 'res' implicitly has an 'any' type.
09:05:25.348 Error: Command "npm run build" exited with 2